100 10 0 0 0 0 0 0 0 0 0 0 0 0 0 0 0 0 0 0 0 0 0 0 0 0 
100 10 0 0 0 0 0 0 0 0 0 0 0 0 0 0 0 0 0 0 0 0 0 0 0 0 
100 10 0 0 0 0 0 0 0 0 0 0 0 0 0 0 0 0 0 0 0 0 0 0 0 0 
100 10 0 0 0 0 0 0 0 0 0 0 0 0 0 0 0 0 0 0 0 0 0 0 0 0 
100 10 0 0 0 0 0 0 0 0 0 0 0 0 0 0 0 0 0 0 0 0 0 0 0 0 
100 13 0 1 0 0 0 0 0 0 0 0 0 0 0 0 0 0 0 0 0 0 0 0 0 0 
100 12 0 1 0 0 0 0 0 0 0 0 0 0 0 0 0 0 0 0 0 0 0 0 0 0 
100 15 0 1 0 0 0 0 0 0 0 0 0 0 0 0 0 0 0 0 0 0 0 0 0 0 
100 15 0 1 0 0 0 0 0 0 0 0 0 0 0 0 0 0 0 0 0 0 0 0 0 0 
100 15 0 1 0 0 0 0 0 0 0 0 0 0 0 0 0 0 0 0 0 0 0 0 0 0 
100 22 0 2 0 0 0 0 0 0 0 0 0 0 0 0 0 0 0 0 0 0 0 0 0 0 
100 21 0 2 0 0 0 0 0 0 0 0 0 0 0 0 0 0 0 0 0 0 0 0 0 0 
100 22 0 3 0 0 0 0 0 0 0 0 0 0 0 0 0 0 0 0 0 0 0 0 0 0 
100 26 0 3 0 0 0 0 0 0 0 0 0 0 0 0 0 0 0 0 0 0 0 0 0 0 
100 25 0 3 0 0 0 0 0 0 0 0 0 0 0 0 0 0 0 0 0 0 0 0 0 0 
100 28 0 3 0 0 0 0 0 0 0 0 0 0 0 0 0 0 0 0 0 0 0 0 0 0 
100 28 0 3 0 0 0 0 0 0 0 0 0 0 0 0 0 0 0 0 0 0 0 0 0 0 
100 33 0 3 0 0 0 0 0 0 0 0 0 0 0 0 0 0 0 0 0 0 0 0 0 0 
100 34 0 7 0 0 0 0 0 0 0 0 0 0 0 0 0 0 0 0 0 0 0 0 0 0 
100 32 0 7 0 0 0 0 0 0 0 0 0 0 0 0 0 0 0 0 0 0 0 0 0 0 
100 32 0 7 0 0 0 0 0 0 0 0 0 0 0 0 0 0 0 0 0 0 0 0 0 0 
100 30 0 7 0 0 0 0 0 0 0 0 0 0 0 0 0 0 0 0 0 0 0 0 0 0 
100 30 0 7 0 0 0 0 0 0 0 0 0 0 0 0 0 0 0 0 0 0 0 0 0 0 
100 29 0 8 0 0 0 0 0 0 0 0 0 0 0 0 0 0 0 0 0 0 0 0 0 0 
100 33 0 8 0 0 0 0 0 0 0 0 0 0 0 0 0 0 0 0 0 0 0 0 0 0 
100 36 0 8 0 0 0 0 0 0 0 0 0 0 0 0 0 0 0 0 0 0 0 0 0 0 
100 35 0 9 0 1 0 0 0 0 0 0 0 0 0 0 0 0 0 0 0 0 0 0 0 0 
100 34 0 11 0 2 0 0 0 0 0 0 0 0 0 0 0 0 0 0 0 0 0 0 0 0 
100 32 0 9 0 2 0 0 0 0 0 0 0 0 0 0 0 0 0 0 0 0 0 0 0 0 
100 36 0 13 0 7 0 0 0 0 0 0 0 0 0 0 0 0 0 0 0 0 0 0 0 0 
100 35 0 12 0 7 0 0 0 0 0 0 0 0 0 0 0 0 0 0 0 0 0 0 0 0 
100 34 0 12 0 7 0 0 0 0 0 0 0 0 0 0 0 0 0 0 0 0 0 0 0 0 
100 35 1 15 0 8 0 0 0 0 0 0 0 0 0 0 0 0 0 0 0 0 0 0 0 0 
100 32 1 14 0 8 0 0 0 0 0 0 0 0 0 0 0 0 0 0 0 0 0 0 0 0 
100 32 1 12 0 8 0 0 0 0 0 0 0 0 0 0 0 0 0 0 0 0 0 0 0 0 
100 31 1 12 0 8 0 0 0 0 0 0 0 0 0 0 0 0 0 0 0 0 0 0 0 0 
100 29 1 11 0 8 0 0 0 0 0 0 0 0 0 0 0 0 0 0 0 0 0 0 0 0 
100 28 1 11 0 8 0 0 0 0 0 0 0 0 0 0 0 0 0 0 0 0 0 0 0 0 
100 27 1 11 0 8 0 0 0 0 0 0 0 0 0 0 0 0 0 0 0 0 0 0 0 0 
100 27 1 11 0 8 0 0 0 0 0 0 0 0 0 0 0 0 0 0 0 0 0 0 0 0 
100 27 1 10 0 12 0 0 0 0 0 0 0 0 0 0 0 0 0 0 0 0 0 0 0 0 
100 27 1 10 0 12 0 0 0 0 0 0 0 0 0 0 0 0 0 0 0 0 0 0 0 0 
100 27 1 10 0 12 0 0 0 0 0 0 0 0 0 0 0 0 0 0 0 0 0 0 0 0 
100 27 1 10 0 12 0 0 0 0 0 0 0 0 0 0 0 0 0 0 0 0 0 0 0 0 
100 28 1 10 0 12 0 0 0 0 0 0 0 0 0 0 0 0 0 0 0 0 0 0 0 0 
100 27 1 10 0 12 0 0 0 0 0 0 0 0 0 0 0 0 0 0 0 0 0 0 0 0 
100 27 1 10 0 12 0 0 0 0 0 0 0 0 0 0 0 0 0 0 0 0 0 0 0 0 
100 26 1 10 0 12 0 0 0 0 0 0 0 0 0 0 0 0 0 0 0 0 0 0 0 0 
100 26 0 9 1 12 0 0 0 0 0 0 0 0 0 0 0 0 0 0 0 0 0 0 0 0 
100 26 0 6 1 12 0 0 0 0 0 0 0 0 0 0 0 0 0 0 0 0 0 0 0 0 
100 26 0 6 1 11 0 0 0 0 0 0 0 0 0 0 0 0 0 0 0 0 0 0 0 0 
100 26 0 5 1 11 0 0 0 0 0 0 0 0 0 0 0 0 0 0 0 0 0 0 0 0 
100 28 0 5 1 10 0 0 0 0 0 0 0 0 0 0 0 0 0 0 0 0 0 0 0 0 
100 27 0 5 1 9 0 0 0 0 0 0 0 0 0 0 0 0 0 0 0 0 0 0 0 0 
100 29 0 5 1 9 0 0 0 0 0 0 0 0 0 0 0 0 0 0 0 0 0 0 0 0 
100 29 0 5 1 9 0 0 0 0 0 0 0 0 0 0 0 0 0 0 0 0 0 0 0 0 
100 29 0 5 1 9 0 0 0 0 0 0 0 0 0 0 0 0 0 0 0 0 0 0 0 0 
100 31 0 5 1 8 0 0 0 0 0 0 0 0 0 0 0 0 0 0 0 0 0 0 0 0 
100 38 1 5 2 8 0 0 0 0 0 0 0 0 0 0 0 0 0 0 0 0 0 0 0 0 
100 37 1 5 2 6 0 0 0 0 0 0 0 0 0 0 0 0 0 0 0 0 0 0 0 0 
100 36 1 5 1 6 0 0 0 0 0 0 0 0 0 0 0 0 0 0 0 0 0 0 0 0 
100 40 2 6 1 6 0 0 0 0 0 0 0 0 0 0 0 0 0 0 0 0 0 0 0 0 
100 37 2 6 1 5 0 0 0 0 0 0 0 0 0 0 0 0 0 0 0 0 0 0 0 0 
100 43 3 6 1 3 0 0 0 0 0 0 0 0 0 0 0 0 0 0 0 0 0 0 0 0 
100 41 3 8 1 3 0 0 0 0 0 0 0 0 0 0 0 0 0 0 0 0 0 0 0 0 
100 39 3 8 1 3 0 0 0 0 0 0 0 0 0 0 0 0 0 0 0 0 0 0 0 0 
100 39 3 7 1 3 0 0 0 0 0 0 0 0 0 0 0 0 0 0 0 0 0 0 0 0 
100 38 5 7 1 3 0 0 0 0 0 0 0 0 0 0 0 0 0 0 0 0 0 0 0 0 
100 36 5 5 1 3 0 0 0 0 0 0 0 0 0 0 0 0 0 0 0 0 0 0 0 0 
100 33 9 6 1 4 0 0 0 0 0 0 0 0 0 0 0 0 0 0 0 0 0 0 0 0 
100 30 9 5 1 7 1 0 0 0 0 0 0 0 0 0 0 0 0 0 0 0 0 0 0 0 
100 29 9 4 1 6 1 0 0 0 0 0 0 0 0 0 0 0 0 0 0 0 0 0 0 0 
100 29 9 3 1 4 1 0 0 0 0 0 0 0 0 0 0 0 0 0 0 0 0 0 0 0 
100 27 9 2 1 3 3 1 0 0 0 0 0 0 0 0 0 0 0 0 0 0 0 0 0 0 
100 25 13 2 2 3 2 1 0 0 0 0 0 0 0 0 0 0 0 0 0 0 0 0 0 0 
100 25 15 2 2 3 1 1 0 0 0 0 0 0 0 0 0 0 0 0 0 0 0 0 0 0 
100 24 14 2 2 3 1 1 0 0 0 0 0 0 0 0 0 0 0 0 0 0 0 0 0 0 
100 20 13 2 4 2 2 1 0 0 0 0 0 0 0 0 0 0 0 0 0 0 0 0 0 0 
100 18 13 2 3 2 1 3 0 0 0 0 0 0 0 0 0 0 0 0 0 0 0 0 0 0 
100 15 13 1 3 2 1 3 0 0 0 0 0 0 0 0 0 0 0 0 0 0 0 0 0 0 
100 15 13 1 2 2 1 3 0 0 0 0 0 0 0 0 0 0 0 0 0 0 0 0 0 0 
100 18 13 1 2 2 1 3 0 0 0 0 0 0 0 0 0 0 0 0 0 0 0 0 0 0 
100 23 13 1 2 2 1 3 0 0 0 0 0 0 0 0 0 0 0 0 0 0 0 0 0 0 
100 27 13 1 2 2 1 3 0 0 0 0 0 0 0 0 0 0 0 0 0 0 0 0 0 0 
100 26 17 1 2 2 1 3 0 0 0 0 0 0 0 0 0 0 0 0 0 0 0 0 0 0 
100 32 17 1 2 2 1 3 0 0 0 0 0 0 0 0 0 0 0 0 0 0 0 0 0 0 
100 30 20 1 2 2 1 3 0 0 0 0 0 0 0 0 0 0 0 0 0 0 0 0 0 0 
100 29 20 1 2 2 1 3 0 0 0 0 0 0 0 0 0 0 0 0 0 0 0 0 0 0 
100 30 20 3 3 2 1 3 0 0 0 0 0 0 0 0 0 0 0 0 0 0 0 0 0 0 
100 30 20 2 3 2 1 3 0 0 0 0 0 0 0 0 0 0 0 0 0 0 0 0 0 0 
100 30 20 2 3 2 1 3 0 0 0 0 0 0 0 0 0 0 0 0 0 0 0 0 0 0 
100 29 19 2 3 2 1 3 0 0 0 0 0 0 0 0 0 0 0 0 0 0 0 0 0 0 
100 32 21 2 3 1 1 3 0 0 0 0 0 0 0 0 0 0 0 0 0 0 0 0 0 0 
100 31 20 1 3 1 1 3 0 0 0 0 0 0 0 0 0 0 0 0 0 0 0 0 0 0 
100 31 20 0 2 0 5 3 0 0 0 0 0 0 0 0 0 0 0 0 0 0 0 0 0 0 
100 31 24 0 2 0 5 3 0 0 0 0 0 0 0 0 0 0 0 0 0 0 0 0 0 0 
100 31 23 0 2 0 5 3 0 0 0 0 0 0 0 0 0 0 0 0 0 0 0 0 0 0 
100 30 23 0 2 0 5 3 0 0 0 0 0 0 0 0 0 0 0 0 0 0 0 0 0 0 
100 29 23 0 2 0 5 3 0 0 0 0 0 0 0 0 0 0 0 0 0 0 0 0 0 0 
100 29 25 1 3 0 5 3 0 0 0 0 0 0 0 0 0 0 0 0 0 0 0 0 0 0 
100 28 23 1 3 0 5 3 0 0 0 0 0 0 0 0 0 0 0 0 0 0 0 0 0 0 
100 27 22 1 3 0 5 3 0 0 0 0 0 0 0 0 0 0 0 0 0 0 0 0 0 0 
100 31 26 1 7 0 5 3 0 0 0 0 0 0 0 0 0 0 0 0 0 0 0 0 0 0 
100 30 29 1 7 0 5 2 0 0 0 0 0 0 0 0 0 0 0 0 0 0 0 0 0 0 
100 26 29 1 7 0 5 1 0 0 0 0 0 0 0 0 0 0 0 0 0 0 0 0 0 0 
100 26 32 1 7 0 5 1 0 0 0 0 0 0 0 0 0 0 0 0 0 0 0 0 0 0 
100 23 31 6 7 0 5 1 0 0 0 0 0 0 0 0 0 0 0 0 0 0 0 0 0 0 
100 23 30 6 7 0 5 1 0 0 0 0 0 0 0 0 0 0 0 0 0 0 0 0 0 0 
100 32 30 6 6 0 5 1 0 0 0 0 0 0 0 0 0 0 0 0 0 0 0 0 0 0 
100 31 30 6 6 0 5 1 0 0 0 0 0 0 0 0 0 0 0 0 0 0 0 0 0 0 
100 31 30 6 6 0 5 1 0 0 0 0 0 0 0 0 0 0 0 0 0 0 0 0 0 0 
100 31 29 6 6 0 5 1 0 0 0 0 0 0 0 0 0 0 0 0 0 0 0 0 0 0 
100 31 29 6 6 0 5 1 0 0 0 0 0 0 0 0 0 0 0 0 0 0 0 0 0 0 
100 31 28 6 8 0 4 1 0 0 0 0 0 0 0 0 0 0 0 0 0 0 0 0 0 0 
100 31 26 6 8 0 4 1 0 0 0 0 0 0 0 0 0 0 0 0 0 0 0 0 0 0 
100 31 26 6 8 0 4 1 0 0 0 0 0 0 0 0 0 0 0 0 0 0 0 0 0 0 
100 31 27 6 9 0 4 1 0 0 0 0 0 0 0 0 0 0 0 0 0 0 0 0 0 0 
100 36 25 6 10 0 4 1 0 0 0 0 0 0 0 0 0 0 0 0 0 0 0 0 0 0 
100 34 23 6 14 0 4 1 0 0 0 0 0 0 0 0 0 0 0 0 0 0 0 0 0 0 
100 34 21 6 14 0 3 1 0 0 0 0 0 0 0 0 0 0 0 0 0 0 0 0 0 0 
100 33 22 7 14 0 0 1 0 0 0 0 0 0 0 0 0 0 0 0 0 0 0 0 0 0 
100 36 20 7 17 0 0 1 0 0 0 0 0 0 0 0 0 0 0 0 0 0 0 0 0 0 
100 39 16 10 18 0 0 1 0 0 0 0 0 0 0 0 0 0 0 0 0 0 0 0 0 0 
100 39 18 14 18 0 0 1 0 0 0 0 0 0 0 0 0 0 0 0 0 0 0 0 0 0 
100 39 18 14 18 0 0 1 0 0 0 0 0 0 0 0 0 0 0 0 0 0 0 0 0 0 
100 38 18 14 18 0 0 1 0 0 0 0 0 0 0 0 0 0 0 0 0 0 0 0 0 0 
100 35 17 14 18 0 0 1 0 0 0 0 0 0 0 0 0 0 0 0 0 0 0 0 0 0 
100 36 17 14 19 0 0 1 0 0 0 0 0 0 0 0 0 0 0 0 0 0 0 0 0 0 
100 35 16 14 18 0 0 1 0 0 0 0 0 0 0 0 0 0 0 0 0 0 0 0 0 0 
100 38 15 14 18 0 0 1 0 0 0 0 0 0 0 0 0 0 0 0 0 0 0 0 0 0 
100 38 16 14 18 0 0 1 0 0 0 0 0 0 0 0 0 0 0 0 0 0 0 0 0 0 
100 34 18 11 18 0 0 1 0 0 0 0 0 0 0 0 0 0 0 0 0 0 0 0 0 0 
100 34 17 14 18 0 0 1 0 0 0 0 0 0 0 0 0 0 0 0 0 0 0 0 0 0 
100 34 16 13 18 0 0 1 0 0 0 0 0 0 0 0 0 0 0 0 0 0 0 0 0 0 
100 32 15 16 20 1 0 1 0 0 0 0 0 0 0 0 0 0 0 0 0 0 0 0 0 0 
100 31 11 16 23 1 1 1 0 0 0 0 0 0 0 0 0 0 0 0 0 0 0 0 0 0 
100 30 14 16 21 1 1 1 0 0 0 0 0 0 0 0 0 0 0 0 0 0 0 0 0 0 
100 29 14 16 19 2 1 1 0 0 0 0 0 0 0 0 0 0 0 0 0 0 0 0 0 0 
100 29 13 16 15 2 3 1 0 0 0 0 0 0 0 0 0 0 0 0 0 0 0 0 0 0 
100 32 12 16 11 2 3 0 0 0 0 0 0 0 0 0 0 0 0 0 0 0 0 0 0 0 
100 31 11 16 9 7 3 0 0 0 0 0 0 0 0 0 0 0 0 0 0 0 0 0 0 0 
100 30 11 15 10 7 4 0 0 0 0 0 0 0 0 0 0 0 0 0 0 0 0 0 0 0 
100 29 11 15 9 4 7 1 0 0 0 0 0 0 0 0 0 0 0 0 0 0 0 0 0 0 
100 27 11 15 6 3 6 1 0 0 0 0 0 0 0 0 0 0 0 0 0 0 0 0 0 0 
100 27 11 15 6 3 5 1 0 0 0 0 0 0 0 0 0 0 0 0 0 0 0 0 0 0 
100 30 9 14 6 3 4 4 0 0 0 0 0 0 0 0 0 0 0 0 0 0 0 0 0 0 
100 28 9 17 6 3 6 4 0 0 0 0 0 0 0 0 0 0 0 0 0 0 0 0 0 0 
100 25 9 16 6 3 6 4 0 0 0 0 0 0 0 0 0 0 0 0 0 0 0 0 0 0 
100 23 13 18 6 3 6 4 0 0 0 0 0 0 0 0 0 0 0 0 0 0 0 0 0 0 
100 22 13 25 3 3 8 4 0 0 0 0 0 0 0 0 0 0 0 0 0 0 0 0 0 0 
100 21 13 25 2 2 11 4 0 0 0 0 0 0 0 0 0 0 0 0 0 0 0 0 0 0 
100 21 12 25 2 1 10 4 0 0 0 0 0 0 0 0 0 0 0 0 0 0 0 0 0 0 
100 18 12 25 2 0 9 4 0 0 0 0 0 0 0 0 0 0 0 0 0 0 0 0 0 0 
100 22 12 25 2 0 8 4 0 0 0 0 0 0 0 0 0 0 0 0 0 0 0 0 0 0 
100 21 12 23 7 0 8 4 0 0 0 0 0 0 0 0 0 0 0 0 0 0 0 0 0 0 
100 21 12 22 10 0 8 4 0 0 0 0 0 0 0 0 0 0 0 0 0 0 0 0 0 0 
100 24 12 22 9 0 8 4 0 0 0 0 0 0 0 0 0 0 0 0 0 0 0 0 0 0 
100 27 11 22 8 0 8 4 0 0 0 0 0 0 0 0 0 0 0 0 0 0 0 0 0 0 
100 32 10 22 8 0 8 4 0 0 0 0 0 0 0 0 0 0 0 0 0 0 0 0 0 0 
100 36 10 22 8 0 8 4 0 0 0 0 0 0 0 0 0 0 0 0 0 0 0 0 0 0 
100 33 10 26 7 0 9 4 1 0 0 0 0 0 0 0 0 0 0 0 0 0 0 0 0 0 
100 31 11 27 7 0 8 4 1 0 0 0 0 0 0 0 0 0 0 0 0 0 0 0 0 0 
100 30 10 26 6 0 7 4 1 0 0 0 0 0 0 0 0 0 0 0 0 0 0 0 0 0 
100 29 10 25 6 0 6 10 1 0 0 0 0 0 0 0 0 0 0 0 0 0 0 0 0 0 
100 29 10 23 9 0 5 9 4 0 0 0 0 0 0 0 0 0 0 0 0 0 0 0 0 0 
100 29 10 20 11 0 5 7 4 0 0 0 0 0 0 0 0 0 0 0 0 0 0 0 0 0 
100 29 9 19 14 0 5 7 4 0 0 0 0 0 0 0 0 0 0 0 0 0 0 0 0 0 
100 29 9 19 14 0 5 7 4 0 0 0 0 0 0 0 0 0 0 0 0 0 0 0 0 0 
100 29 9 19 14 0 5 7 4 0 0 0 0 0 0 0 0 0 0 0 0 0 0 0 0 0 
100 28 8 19 14 0 6 7 4 0 0 0 0 0 0 0 0 0 0 0 0 0 0 0 0 0 
100 25 7 21 14 0 7 6 4 0 0 0 0 0 0 0 0 0 0 0 0 0 0 0 0 0 
100 22 7 21 14 0 7 6 4 0 0 0 0 0 0 0 0 0 0 0 0 0 0 0 0 0 
100 20 7 22 13 0 7 5 6 0 0 0 0 0 0 0 0 0 0 0 0 0 0 0 0 0 
100 22 7 22 12 0 6 4 6 0 0 0 0 0 0 0 0 0 0 0 0 0 0 0 0 0 
100 21 7 20 13 0 7 4 6 0 0 0 0 0 0 0 0 0 0 0 0 0 0 0 0 0 
100 20 7 20 12 0 7 3 6 0 0 0 0 0 0 0 0 0 0 0 0 0 0 0 0 0 
100 18 7 22 11 0 4 3 6 0 0 0 0 0 0 0 0 0 0 0 0 0 0 0 0 0 
100 17 6 21 11 0 4 3 6 0 0 0 0 0 0 0 0 0 0 0 0 0 0 0 0 0 
100 17 4 20 11 0 4 2 8 0 0 0 0 0 0 0 0 0 0 0 0 0 0 0 0 0 
100 16 3 20 11 0 5 0 8 0 0 0 0 0 0 0 0 0 0 0 0 0 0 0 0 0 
100 16 2 19 12 0 5 0 8 0 0 0 0 0 0 0 0 0 0 0 0 0 0 0 0 0 
100 16 2 18 10 0 5 0 8 0 0 0 0 0 0 0 0 0 0 0 0 0 0 0 0 0 
100 14 2 18 9 0 8 0 8 0 0 0 0 0 0 0 0 0 0 0 0 0 0 0 0 0 
100 14 2 18 9 0 8 0 8 0 0 0 0 0 0 0 0 0 0 0 0 0 0 0 0 0 
100 17 2 24 9 0 8 0 8 0 0 0 0 0 0 0 0 0 0 0 0 0 0 0 0 0 
100 17 2 24 9 0 8 0 8 0 0 0 0 0 0 0 0 0 0 0 0 0 0 0 0 0 
100 17 2 23 9 0 8 0 8 0 0 0 0 0 0 0 0 0 0 0 0 0 0 0 0 0 
100 17 5 20 9 0 7 0 8 0 0 0 0 0 0 0 0 0 0 0 0 0 0 0 0 0 
100 17 5 18 9 0 7 0 8 0 0 0 0 0 0 0 0 0 0 0 0 0 0 0 0 0 
100 16 5 18 9 0 7 0 8 0 0 0 0 0 0 0 0 0 0 0 0 0 0 0 0 0 
100 16 5 17 9 0 5 0 12 0 0 0 0 0 0 0 0 0 0 0 0 0 0 0 0 0 
100 13 5 21 9 0 5 0 12 0 0 0 0 0 0 0 0 0 0 0 0 0 0 0 0 0 
100 13 5 21 9 0 2 0 12 0 0 0 0 0 0 0 0 0 0 0 0 0 0 0 0 0 
100 13 5 21 8 0 2 0 12 0 0 0 0 0 0 0 0 0 0 0 0 0 0 0 0 0 
100 13 8 21 8 0 1 0 13 0 0 0 0 0 0 0 0 0 0 0 0 0 0 0 0 0 
100 13 8 21 6 0 1 0 13 0 0 0 0 0 0 0 0 0 0 0 0 0 0 0 0 0 
100 13 8 20 6 0 1 0 13 0 0 0 0 0 0 0 0 0 0 0 0 0 0 0 0 0 
100 13 8 18 6 0 1 0 13 0 0 0 0 0 0 0 0 0 0 0 0 0 0 0 0 0 
100 13 8 17 6 0 0 0 13 0 0 0 0 0 0 0 0 0 0 0 0 0 0 0 0 0 
100 12 7 21 5 0 0 0 13 0 0 0 0 0 0 0 0 0 0 0 0 0 0 0 0 0 
100 14 6 20 5 0 0 0 13 0 0 0 0 0 0 0 0 0 0 0 0 0 0 0 0 0 
100 11 6 24 5 0 0 0 13 0 0 0 0 0 0 0 0 0 0 0 0 0 0 0 0 0 
100 14 6 24 5 0 0 0 13 0 0 0 0 0 0 0 0 0 0 0 0 0 0 0 0 0 
100 14 6 24 5 0 0 0 13 0 0 0 0 0 0 0 0 0 0 0 0 0 0 0 0 0 
100 17 6 24 5 0 0 0 13 0 0 0 0 0 0 0 0 0 0 0 0 0 0 0 0 0 
100 17 6 24 5 0 0 0 13 0 0 0 0 0 0 0 0 0 0 0 0 0 0 0 0 0 
100 17 8 24 6 0 0 0 13 0 0 0 0 0 0 0 0 0 0 0 0 0 0 0 0 0 
100 17 7 24 5 0 0 0 11 0 0 0 0 0 0 0 0 0 0 0 0 0 0 0 0 0 
100 17 6 24 4 0 0 0 11 0 0 0 0 0 0 0 0 0 0 0 0 0 0 0 0 0 
100 15 6 24 2 0 0 0 11 0 0 0 0 0 0 0 0 0 0 0 0 0 0 0 0 0 
100 14 6 24 1 0 0 0 11 0 0 0 0 0 0 0 0 0 0 0 0 0 0 0 0 0 
100 11 6 23 1 0 0 0 11 0 0 0 0 0 0 0 0 0 0 0 0 0 0 0 0 0 
100 10 5 24 2 0 0 0 11 0 0 0 0 0 0 0 0 0 0 0 0 0 0 0 0 0 
100 10 4 23 2 0 0 0 11 0 0 0 0 0 0 0 0 0 0 0 0 0 0 0 0 0 
100 9 3 23 2 0 0 0 11 0 0 0 0 0 0 0 0 0 0 0 0 0 0 0 0 0 
100 9 6 22 2 0 0 0 10 0 0 0 0 0 0 0 0 0 0 0 0 0 0 0 0 0 
100 9 7 21 5 0 0 1 10 0 0 0 0 0 0 0 0 0 0 0 0 0 0 0 0 0 
100 8 7 20 5 0 0 1 10 0 0 0 0 0 0 0 0 0 0 0 0 0 0 0 0 0 
100 11 7 18 5 0 0 1 10 0 0 0 0 0 0 0 0 0 0 0 0 0 0 0 0 0 
100 10 7 15 5 0 0 1 9 0 0 0 0 0 0 0 0 0 0 0 0 0 0 0 0 0 
100 9 5 17 5 1 0 1 6 0 0 0 0 0 0 0 0 0 0 0 0 0 0 0 0 0 
100 9 4 15 6 1 0 1 5 0 0 0 0 0 0 0 0 0 0 0 0 0 0 0 0 0 
100 9 4 14 5 1 0 1 4 0 0 0 0 0 0 0 0 0 0 0 0 0 0 0 0 0 
100 8 4 14 4 4 0 2 4 0 0 0 0 0 0 0 0 0 0 0 0 0 0 0 0 0 
100 8 4 14 4 3 0 2 2 0 0 0 0 0 0 0 0 0 0 0 0 0 0 0 0 0 
100 8 4 14 4 3 0 2 2 0 0 0 0 0 0 0 0 0 0 0 0 0 0 0 0 0 
100 8 4 13 4 3 0 2 2 0 0 0 0 0 0 0 0 0 0 0 0 0 0 0 0 0 
100 8 4 12 4 3 0 2 2 0 0 0 0 0 0 0 0 0 0 0 0 0 0 0 0 0 
100 10 4 14 4 2 0 2 1 0 0 0 0 0 0 0 0 0 0 0 0 0 0 0 0 0 
100 5 4 19 5 1 0 4 0 0 0 0 0 0 0 0 0 0 0 0 0 0 0 0 0 0 
100 4 8 18 5 0 0 4 0 0 0 0 0 0 0 0 0 0 0 0 0 0 0 0 0 0 
100 4 8 16 5 0 0 4 0 0 0 0 0 0 0 0 0 0 0 0 0 0 0 0 0 0 
100 4 8 15 5 0 0 4 0 0 0 0 0 0 0 0 0 0 0 0 0 0 0 0 0 0 
100 4 10 14 9 0 0 5 0 0 0 0 0 0 0 0 0 0 0 0 0 0 0 0 0 0 
100 3 10 13 9 0 0 5 0 0 0 0 0 0 0 0 0 0 0 0 0 0 0 0 0 0 
100 6 10 13 9 0 0 5 0 0 0 0 0 0 0 0 0 0 0 0 0 0 0 0 0 0 
100 6 10 13 9 0 0 5 0 0 0 0 0 0 0 0 0 0 0 0 0 0 0 0 0 0 
100 6 10 11 9 0 0 5 0 0 0 0 0 0 0 0 0 0 0 0 0 0 0 0 0 0 
100 6 9 11 9 0 0 5 0 0 0 0 0 0 0 0 0 0 0 0 0 0 0 0 0 0 
100 6 8 10 9 0 0 5 0 0 0 0 0 0 0 0 0 0 0 0 0 0 0 0 0 0 
100 6 7 10 9 0 0 5 0 0 0 0 0 0 0 0 0 0 0 0 0 0 0 0 0 0 
100 6 5 12 9 0 0 5 0 0 0 0 0 0 0 0 0 0 0 0 0 0 0 0 0 0 
100 6 4 12 9 0 0 5 0 0 0 0 0 0 0 0 0 0 0 0 0 0 0 0 0 0 
100 6 3 11 11 0 0 5 0 0 0 0 0 0 0 0 0 0 0 0 0 0 0 0 0 0 
100 6 3 9 11 0 0 5 0 0 0 0 0 0 0 0 0 0 0 0 0 0 0 0 0 0 
100 6 3 8 11 0 0 5 0 0 0 0 0 0 0 0 0 0 0 0 0 0 0 0 0 0 
100 6 3 8 11 0 0 4 0 0 0 0 0 0 0 0 0 0 0 0 0 0 0 0 0 0 
100 9 3 9 11 0 0 4 0 0 0 0 0 0 0 0 0 0 0 0 0 0 0 0 0 0 
100 12 3 9 10 0 0 4 0 0 0 0 0 0 0 0 0 0 0 0 0 0 0 0 0 0 
100 12 3 9 10 0 0 4 0 0 0 0 0 0 0 0 0 0 0 0 0 0 0 0 0 0 
100 11 3 9 10 0 0 4 0 0 0 0 0 0 0 0 0 0 0 0 0 0 0 0 0 0 
100 11 3 9 9 0 0 4 0 0 0 0 0 0 0 0 0 0 0 0 0 0 0 0 0 0 
100 10 3 9 9 0 0 4 0 0 0 0 0 0 0 0 0 0 0 0 0 0 0 0 0 0 
100 10 3 9 9 0 0 4 0 0 0 0 0 0 0 0 0 0 0 0 0 0 0 0 0 0 
100 10 3 9 9 0 0 4 0 0 0 0 0 0 0 0 0 0 0 0 0 0 0 0 0 0 
100 10 6 8 9 0 0 4 0 0 0 0 0 0 0 0 0 0 0 0 0 0 0 0 0 0 
100 10 6 5 12 0 0 4 0 0 0 0 0 0 0 0 0 0 0 0 0 0 0 0 0 0 
100 10 11 5 12 0 0 4 0 0 0 0 0 0 0 0 0 0 0 0 0 0 0 0 0 0 
100 10 11 4 12 0 0 3 0 0 0 0 0 0 0 0 0 0 0 0 0 0 0 0 0 0 
100 10 11 2 12 0 0 2 0 0 0 0 0 0 0 0 0 0 0 0 0 0 0 0 0 0 
100 9 11 6 12 0 0 1 0 0 0 0 0 0 0 0 0 0 0 0 0 0 0 0 0 0 
100 8 11 6 12 0 0 1 0 0 0 0 0 0 0 0 0 0 0 0 0 0 0 0 0 0 
100 8 11 6 12 0 0 1 0 0 0 0 0 0 0 0 0 0 0 0 0 0 0 0 0 0 
100 8 10 6 12 0 0 0 0 0 0 0 0 0 0 0 0 0 0 0 0 0 0 0 0 0 
100 7 9 6 12 0 0 0 0 0 0 0 0 0 0 0 0 0 0 0 0 0 0 0 0 0 
100 6 9 6 12 0 0 0 0 0 0 0 0 0 0 0 0 0 0 0 0 0 0 0 0 0 
100 6 7 6 15 0 0 0 0 0 0 0 0 0 0 0 0 0 0 0 0 0 0 0 0 0 
100 6 6 6 20 0 0 0 0 0 0 0 0 0 0 0 0 0 0 0 0 0 0 0 0 0 
100 6 5 6 20 0 0 0 0 0 0 0 0 0 0 0 0 0 0 0 0 0 0 0 0 0 
100 6 5 6 20 0 0 0 0 0 0 0 0 0 0 0 0 0 0 0 0 0 0 0 0 0 
100 6 4 6 20 0 0 0 0 0 0 0 0 0 0 0 0 0 0 0 0 0 0 0 0 0 
100 6 4 6 20 0 0 0 0 0 0 0 0 0 0 0 0 0 0 0 0 0 0 0 0 0 
100 6 4 6 20 0 0 0 0 0 0 0 0 0 0 0 0 0 0 0 0 0 0 0 0 0 
100 6 3 6 22 0 0 0 0 0 0 0 0 0 0 0 0 0 0 0 0 0 0 0 0 0 
100 6 3 6 21 0 0 0 0 0 0 0 0 0 0 0 0 0 0 0 0 0 0 0 0 0 
100 6 3 6 21 0 0 0 0 0 0 0 0 0 0 0 0 0 0 0 0 0 0 0 0 0 
100 5 3 6 21 0 0 0 0 0 0 0 0 0 0 0 0 0 0 0 0 0 0 0 0 0 
100 5 3 6 21 0 0 0 0 0 0 0 0 0 0 0 0 0 0 0 0 0 0 0 0 0 
100 5 2 5 21 0 0 0 0 0 0 0 0 0 0 0 0 0 0 0 0 0 0 0 0 0 
100 5 2 5 21 0 0 0 0 0 0 0 0 0 0 0 0 0 0 0 0 0 0 0 0 0 
100 5 2 5 21 0 0 0 0 0 0 0 0 0 0 0 0 0 0 0 0 0 0 0 0 0 
100 5 2 5 21 0 0 0 0 0 0 0 0 0 0 0 0 0 0 0 0 0 0 0 0 0 
100 7 2 5 21 0 0 0 0 0 0 0 0 0 0 0 0 0 0 0 0 0 0 0 0 0 
100 10 6 5 21 0 0 0 0 0 0 0 0 0 0 0 0 0 0 0 0 0 0 0 0 0 
100 10 6 5 21 0 0 0 0 0 0 0 0 0 0 0 0 0 0 0 0 0 0 0 0 0 
100 10 6 5 20 0 0 0 0 0 0 0 0 0 0 0 0 0 0 0 0 0 0 0 0 0 
100 10 6 5 19 0 0 0 0 0 0 0 0 0 0 0 0 0 0 0 0 0 0 0 0 0 
100 10 6 4 19 0 0 0 0 0 0 0 0 0 0 0 0 0 0 0 0 0 0 0 0 0 
100 10 6 4 19 0 0 0 0 0 0 0 0 0 0 0 0 0 0 0 0 0 0 0 0 0 
100 9 6 1 19 0 0 0 0 0 0 0 0 0 0 0 0 0 0 0 0 0 0 0 0 0 
100 9 6 1 19 0 0 0 0 0 0 0 0 0 0 0 0 0 0 0 0 0 0 0 0 0 
100 9 6 0 22 0 0 0 0 0 0 0 0 0 0 0 0 0 0 0 0 0 0 0 0 0 
100 9 4 0 22 0 0 0 0 0 0 0 0 0 0 0 0 0 0 0 0 0 0 0 0 0 
100 9 1 0 23 0 0 0 0 0 0 0 0 0 0 0 0 0 0 0 0 0 0 0 0 0 
100 9 0 0 27 0 0 0 0 0 0 0 0 0 0 0 0 0 0 0 0 0 0 0 0 0 
100 9 0 0 27 0 0 0 0 0 0 0 0 0 0 0 0 0 0 0 0 0 0 0 0 0 
100 9 0 0 26 0 0 0 0 0 0 0 0 0 0 0 0 0 0 0 0 0 0 0 0 0 
100 9 0 0 22 0 0 0 0 0 0 0 0 0 0 0 0 0 0 0 0 0 0 0 0 0 
100 8 0 0 18 0 0 0 0 0 0 0 0 0 0 0 0 0 0 0 0 0 0 0 0 0 
100 8 0 0 18 0 0 0 0 0 0 0 0 0 0 0 0 0 0 0 0 0 0 0 0 0 
100 11 0 0 18 0 0 0 0 0 0 0 0 0 0 0 0 0 0 0 0 0 0 0 0 0 
100 11 0 0 18 0 0 0 0 0 0 0 0 0 0 0 0 0 0 0 0 0 0 0 0 0 
100 11 0 0 18 0 0 0 0 0 0 0 0 0 0 0 0 0 0 0 0 0 0 0 0 0 
100 11 0 0 18 0 0 0 0 0 0 0 0 0 0 0 0 0 0 0 0 0 0 0 0 0 
100 12 0 0 18 0 0 0 0 0 0 0 0 0 0 0 0 0 0 0 0 0 0 0 0 0 
100 12 0 0 17 0 0 0 0 0 0 0 0 0 0 0 0 0 0 0 0 0 0 0 0 0 
100 12 0 0 17 0 0 0 0 0 0 0 0 0 0 0 0 0 0 0 0 0 0 0 0 0 
100 12 0 0 17 0 0 0 0 0 0 0 0 0 0 0 0 0 0 0 0 0 0 0 0 0 
100 12 0 0 17 0 0 0 0 0 0 0 0 0 0 0 0 0 0 0 0 0 0 0 0 0 
100 12 0 0 17 0 0 0 0 0 0 0 0 0 0 0 0 0 0 0 0 0 0 0 0 0 
100 12 0 0 17 0 0 0 0 0 0 0 0 0 0 0 0 0 0 0 0 0 0 0 0 0 
100 16 0 0 17 0 0 0 0 0 0 0 0 0 0 0 0 0 0 0 0 0 0 0 0 0 
100 16 0 0 17 0 0 0 0 0 0 0 0 0 0 0 0 0 0 0 0 0 0 0 0 0 
100 20 0 0 17 0 0 0 0 0 0 0 0 0 0 0 0 0 0 0 0 0 0 0 0 0 
100 25 0 0 17 0 0 0 0 0 0 0 0 0 0 0 0 0 0 0 0 0 0 0 0 0 
100 25 0 0 17 0 0 0 0 0 0 0 0 0 0 0 0 0 0 0 0 0 0 0 0 0 
100 25 0 0 17 0 0 0 0 0 0 0 0 0 0 0 0 0 0 0 0 0 0 0 0 0 
100 25 0 0 17 0 0 0 0 0 0 0 0 0 0 0 0 0 0 0 0 0 0 0 0 0 
100 29 0 1 17 0 0 0 0 0 0 0 0 0 0 0 0 0 0 0 0 0 0 0 0 0 
100 28 0 1 17 0 0 0 0 0 0 0 0 0 0 0 0 0 0 0 0 0 0 0 0 0 
100 28 0 1 17 0 0 0 0 0 0 0 0 0 0 0 0 0 0 0 0 0 0 0 0 0 
100 28 0 1 17 0 0 0 0 0 0 0 0 0 0 0 0 0 0 0 0 0 0 0 0 0 
100 28 0 1 16 0 0 0 0 0 0 0 0 0 0 0 0 0 0 0 0 0 0 0 0 0 
100 28 0 1 14 0 0 0 0 0 0 0 0 0 0 0 0 0 0 0 0 0 0 0 0 0 
100 28 0 1 7 0 0 0 0 0 0 0 0 0 0 0 0 0 0 0 0 0 0 0 0 0 
100 28 0 1 1 0 0 0 0 0 0 0 0 0 0 0 0 0 0 0 0 0 0 0 0 0 
100 28 0 1 0 0 0 0 0 0 0 0 0 0 0 0 0 0 0 0 0 0 0 0 0 0 
100 28 0 1 0 0 0 0 0 0 0 0 0 0 0 0 0 0 0 0 0 0 0 0 0 0 
100 30 0 1 1 0 0 0 0 0 0 0 0 0 0 0 0 0 0 0 0 0 0 0 0 0 
100 31 1 1 1 0 0 0 0 0 0 0 0 0 0 0 0 0 0 0 0 0 0 0 0 0 
100 30 1 1 1 0 0 0 0 0 0 0 0 0 0 0 0 0 0 0 0 0 0 0 0 0 
100 30 1 1 1 0 0 0 0 0 0 0 0 0 0 0 0 0 0 0 0 0 0 0 0 0 
100 33 1 1 1 0 0 0 0 0 0 0 0 0 0 0 0 0 0 0 0 0 0 0 0 0 
100 35 1 1 1 0 0 0 0 0 0 0 0 0 0 0 0 0 0 0 0 0 0 0 0 0 
100 34 1 1 1 0 0 0 0 0 0 0 0 0 0 0 0 0 0 0 0 0 0 0 0 0 
100 34 1 1 1 0 0 0 0 0 0 0 0 0 0 0 0 0 0 0 0 0 0 0 0 0 
100 37 0 1 1 0 0 0 0 0 0 0 0 0 0 0 0 0 0 0 0 0 0 0 0 0 
100 37 0 1 1 0 0 0 0 0 0 0 0 0 0 0 0 0 0 0 0 0 0 0 0 0 
100 42 1 1 1 0 0 0 0 0 0 0 0 0 0 0 0 0 0 0 0 0 0 0 0 0 
100 43 1 1 1 0 0 0 0 0 0 0 0 0 0 0 0 0 0 0 0 0 0 0 0 0 
100 41 1 4 1 0 0 0 0 0 0 0 0 0 0 0 0 0 0 0 0 0 0 0 0 0 
100 41 3 4 2 0 0 0 0 0 0 0 0 0 0 0 0 0 0 0 0 0 0 0 0 0 
100 37 3 4 2 0 0 0 0 0 0 0 0 0 0 0 0 0 0 0 0 0 0 0 0 0 
100 36 4 4 2 0 0 0 0 0 0 0 0 0 0 0 0 0 0 0 0 0 0 0 0 0 
100 35 4 4 2 0 0 0 0 0 0 0 0 0 0 0 0 0 0 0 0 0 0 0 0 0 
100 34 4 4 2 0 0 0 0 0 0 0 0 0 0 0 0 0 0 0 0 0 0 0 0 0 
100 35 7 4 3 0 0 0 0 0 0 0 0 0 0 0 0 0 0 0 0 0 0 0 0 0 
100 37 6 4 3 0 0 0 0 0 0 0 0 0 0 0 0 0 0 0 0 0 0 0 0 0 
100 37 5 4 3 0 0 0 0 0 0 0 0 0 0 0 0 0 0 0 0 0 0 0 0 0 
100 36 5 4 3 0 0 0 0 0 0 0 0 0 0 0 0 0 0 0 0 0 0 0 0 0 
100 39 5 4 3 0 0 0 0 0 0 0 0 0 0 0 0 0 0 0 0 0 0 0 0 0 
100 38 9 4 3 0 0 0 0 0 0 0 0 0 0 0 0 0 0 0 0 0 0 0 0 0 
100 37 9 4 3 0 0 0 0 0 0 0 0 0 0 0 0 0 0 0 0 0 0 0 0 0 
100 36 9 4 3 0 0 0 0 0 0 0 0 0 0 0 0 0 0 0 0 0 0 0 0 0 
100 40 9 4 3 0 0 0 0 0 0 0 0 0 0 0 0 0 0 0 0 0 0 0 0 0 
100 39 9 4 3 0 0 0 0 0 0 0 0 0 0 0 0 0 0 0 0 0 0 0 0 0 
100 37 13 4 3 0 0 0 0 0 0 0 0 0 0 0 0 0 0 0 0 0 0 0 0 0 
100 40 13 4 4 0 0 0 0 0 0 0 0 0 0 0 0 0 0 0 0 0 0 0 0 0 
100 41 12 4 4 0 0 0 0 0 0 0 0 0 0 0 0 0 0 0 0 0 0 0 0 0 
100 41 12 4 4 0 0 0 0 0 0 0 0 0 0 0 0 0 0 0 0 0 0 0 0 0 
100 41 11 4 4 0 0 0 0 0 0 0 0 0 0 0 0 0 0 0 0 0 0 0 0 0 
100 40 15 4 4 0 0 0 0 0 0 0 0 0 0 0 0 0 0 0 0 0 0 0 0 0 
100 40 14 4 4 0 0 0 0 0 0 0 0 0 0 0 0 0 0 0 0 0 0 0 0 0 
100 37 19 4 4 0 0 0 0 0 0 0 0 0 0 0 0 0 0 0 0 0 0 0 0 0 
100 36 20 4 7 0 0 0 0 0 0 0 0 0 0 0 0 0 0 0 0 0 0 0 0 0 
100 40 19 4 7 0 0 0 0 0 0 0 0 0 0 0 0 0 0 0 0 0 0 0 0 0 
100 44 18 4 7 0 0 0 0 0 0 0 0 0 0 0 0 0 0 0 0 0 0 0 0 0 
100 42 18 4 7 0 0 0 0 0 0 0 0 0 0 0 0 0 0 0 0 0 0 0 0 0 
100 42 18 4 7 0 0 0 0 0 0 0 0 0 0 0 0 0 0 0 0 0 0 0 0 0 
100 46 18 4 7 0 0 0 0 0 0 0 0 0 0 0 0 0 0 0 0 0 0 0 0 0 
100 45 17 5 7 0 0 0 0 0 0 0 0 0 0 0 0 0 0 0 0 0 0 0 0 0 
100 50 17 5 7 0 0 0 0 0 0 0 0 0 0 0 0 0 0 0 0 0 0 0 0 0 
100 51 16 5 9 0 0 0 0 0 0 0 0 0 0 0 0 0 0 0 0 0 0 0 0 0 
100 51 16 4 9 0 0 0 0 0 0 0 0 0 0 0 0 0 0 0 0 0 0 0 0 0 
100 49 19 4 9 1 0 0 0 0 0 0 0 0 0 0 0 0 0 0 0 0 0 0 0 0 
100 47 21 4 14 1 0 0 0 0 0 0 0 0 0 0 0 0 0 0 0 0 0 0 0 0 
100 47 20 4 13 1 0 0 0 0 0 0 0 0 0 0 0 0 0 0 0 0 0 0 0 0 
100 46 19 9 13 1 0 0 0 0 0 0 0 0 0 0 0 0 0 0 0 0 0 0 0 0 
100 46 21 9 12 1 0 0 0 0 0 0 0 0 0 0 0 0 0 0 0 0 0 0 0 0 
100 46 20 9 12 1 0 0 0 0 0 0 0 0 0 0 0 0 0 0 0 0 0 0 0 0 
100 44 22 12 11 6 0 0 0 0 0 0 0 0 0 0 0 0 0 0 0 0 0 0 0 0 
100 43 18 12 11 6 0 0 0 0 0 0 0 0 0 0 0 0 0 0 0 0 0 0 0 0 
100 45 16 12 8 6 0 0 0 0 0 0 0 0 0 0 0 0 0 0 0 0 0 0 0 0 
100 44 15 12 9 6 0 0 0 0 0 0 0 0 0 0 0 0 0 0 0 0 0 0 0 0 
100 44 13 12 11 6 1 0 0 0 0 0 0 0 0 0 0 0 0 0 0 0 0 0 0 0 
100 45 15 12 10 6 1 0 0 0 0 0 0 0 0 0 0 0 0 0 0 0 0 0 0 0 
100 47 13 12 9 6 1 0 0 0 0 0 0 0 0 0 0 0 0 0 0 0 0 0 0 0 
100 46 12 14 9 6 1 0 0 0 0 0 0 0 0 0 0 0 0 0 0 0 0 0 0 0 
100 46 11 14 9 6 1 0 0 0 0 0 0 0 0 0 0 0 0 0 0 0 0 0 0 0 
100 49 14 15 9 6 1 0 0 0 0 0 0 0 0 0 0 0 0 0 0 0 0 0 0 0 
100 50 13 15 9 6 1 0 0 0 0 0 0 0 0 0 0 0 0 0 0 0 0 0 0 0 
100 47 11 17 9 6 1 0 0 0 0 0 0 0 0 0 0 0 0 0 0 0 0 0 0 0 
100 47 9 17 9 6 1 0 0 0 0 0 0 0 0 0 0 0 0 0 0 0 0 0 0 0 
100 47 12 21 9 6 1 0 0 0 0 0 0 0 0 0 0 0 0 0 0 0 0 0 0 0 
100 53 12 21 9 6 1 0 0 0 0 0 0 0 0 0 0 0 0 0 0 0 0 0 0 0 
100 53 16 21 9 6 1 0 0 0 0 0 0 0 0 0 0 0 0 0 0 0 0 0 0 0 
100 61 16 20 8 6 1 0 0 0 0 0 0 0 0 0 0 0 0 0 0 0 0 0 0 0 
100 57 19 20 8 6 1 0 0 0 0 0 0 0 0 0 0 0 0 0 0 0 0 0 0 0 
100 55 18 18 8 6 1 0 0 0 0 0 0 0 0 0 0 0 0 0 0 0 0 0 0 0 
100 54 16 18 11 6 1 0 0 0 0 0 0 0 0 0 0 0 0 0 0 0 0 0 0 0 
100 58 12 18 11 14 2 2 1 0 0 0 0 0 0 0 0 0 0 0 0 0 0 0 0 0 
100 61 9 16 11 11 2 1 1 0 0 0 0 0 0 0 0 0 0 0 0 0 0 0 0 0 
100 61 6 14 13 9 2 1 1 0 0 0 0 0 0 0 0 0 0 0 0 0 0 0 0 0 
100 64 5 13 13 8 4 0 1 0 0 0 0 0 0 0 0 0 0 0 0 0 0 0 0 0 
100 68 2 12 12 7 4 0 2 0 0 0 0 0 0 0 0 0 0 0 0 0 0 0 0 0 
100 73 1 14 12 5 3 0 2 0 0 0 0 0 0 0 0 0 0 0 0 0 0 0 0 0 
100 73 0 13 10 8 2 0 2 0 0 0 0 0 0 0 0 0 0 0 0 0 0 0 0 0 
100 73 0 12 8 7 5 0 2 0 0 0 0 0 0 0 0 0 0 0 0 0 0 0 0 0 
100 72 0 12 7 7 4 0 2 0 0 0 0 0 0 0 0 0 0 0 0 0 0 0 0 0 
100 75 0 12 6 7 3 0 8 0 0 0 0 0 0 0 0 0 0 0 0 0 0 0 0 0 
100 78 0 12 6 7 1 0 8 0 0 0 0 0 0 0 0 0 0 0 0 0 0 0 0 0 
100 79 0 13 5 7 4 0 8 0 0 0 0 0 0 0 0 0 0 0 0 0 0 0 0 0 
100 78 0 13 4 7 4 0 8 0 0 0 0 0 0 0 0 0 0 0 0 0 0 0 0 0 
100 76 0 16 3 7 4 0 8 0 0 0 0 0 0 0 0 0 0 0 0 0 0 0 0 0 
100 75 0 19 3 5 6 0 8 1 0 0 0 0 0 0 0 0 0 0 0 0 0 0 0 0 
100 69 0 21 3 4 6 0 8 1 0 0 0 0 0 0 0 0 0 0 0 0 0 0 0 0 
100 75 0 21 3 3 6 0 8 1 0 0 0 0 0 0 0 0 0 0 0 0 0 0 0 0 
100 77 0 22 2 3 6 0 8 1 0 0 0 0 0 0 0 0 0 0 0 0 0 0 0 0 
100 78 0 22 1 3 6 0 8 1 0 0 0 0 0 0 0 0 0 0 0 0 0 0 0 0 
100 75 0 20 2 6 6 1 8 1 0 0 0 0 0 0 0 0 0 0 0 0 0 0 0 0 
100 75 0 19 0 8 6 1 8 1 0 0 0 0 0 0 0 0 0 0 0 0 0 0 0 0 
100 74 0 21 0 6 6 1 8 1 0 0 0 0 0 0 0 0 0 0 0 0 0 0 0 0 
100 76 0 21 1 6 6 1 8 1 0 0 0 0 0 0 0 0 0 0 0 0 0 0 0 0 
100 75 0 20 1 6 6 1 8 1 0 0 0 0 0 0 0 0 0 0 0 0 0 0 0 0 
100 77 0 18 1 6 5 1 8 1 0 0 0 0 0 0 0 0 0 0 0 0 0 0 0 0 
100 74 0 22 1 5 5 1 7 1 0 0 0 0 0 0 0 0 0 0 0 0 0 0 0 0 
100 71 0 22 1 5 5 1 7 1 0 0 0 0 0 0 0 0 0 0 0 0 0 0 0 0 
100 74 1 24 1 4 7 2 6 1 0 0 0 0 0 0 0 0 0 0 0 0 0 0 0 0 
100 71 1 26 1 4 6 4 7 1 0 0 0 0 0 0 0 0 0 0 0 0 0 0 0 0 
100 67 1 29 1 4 4 3 6 4 0 0 0 0 0 0 0 0 0 0 0 0 0 0 0 0 
100 66 1 29 1 4 3 5 6 4 0 0 0 0 0 0 0 0 0 0 0 0 0 0 0 0 
100 65 1 30 1 4 2 4 11 4 0 0 0 0 0 0 0 0 0 0 0 0 0 0 0 0 
100 62 1 33 1 4 2 3 11 4 0 0 0 0 0 0 0 0 0 0 0 0 0 0 0 0 
100 60 2 33 1 4 2 2 11 4 0 0 0 0 0 0 0 0 0 0 0 0 0 0 0 0 
100 58 0 35 1 4 2 0 13 4 0 0 0 0 0 0 0 0 0 0 0 0 0 0 0 0 
100 56 0 34 1 7 1 0 13 4 0 0 0 0 0 0 0 0 0 0 0 0 0 0 0 0 
100 57 0 34 1 7 1 0 13 4 0 0 0 0 0 0 0 0 0 0 0 0 0 0 0 0 
100 57 0 34 1 7 1 0 13 4 0 0 0 0 0 0 0 0 0 0 0 0 0 0 0 0 
100 62 0 34 1 7 1 0 13 4 0 0 0 0 0 0 0 0 0 0 0 0 0 0 0 0 
100 59 0 33 1 7 1 0 13 4 0 0 0 0 0 0 0 0 0 0 0 0 0 0 0 0 
100 58 0 33 1 7 1 0 12 4 0 0 0 0 0 0 0 0 0 0 0 0 0 0 0 0 
100 55 0 31 1 6 0 0 11 4 0 0 0 0 0 0 0 0 0 0 0 0 0 0 0 0 
100 48 0 37 1 6 0 0 10 6 0 0 0 0 0 0 0 0 0 0 0 0 0 0 0 0 
100 46 0 36 1 8 0 0 9 6 0 0 0 0 0 0 0 0 0 0 0 0 0 0 0 0 
100 45 0 35 1 8 0 0 8 6 0 0 0 0 0 0 0 0 0 0 0 0 0 0 0 0 
100 43 0 37 1 8 0 0 7 6 0 0 0 0 0 0 0 0 0 0 0 0 0 0 0 0 
100 43 0 37 1 8 0 0 6 6 0 0 0 0 0 0 0 0 0 0 0 0 0 0 0 0 
100 44 1 37 1 8 0 0 6 6 0 0 0 0 0 0 0 0 0 0 0 0 0 0 0 0 
100 44 1 39 1 8 0 0 4 6 0 0 0 0 0 0 0 0 0 0 0 0 0 0 0 0 
100 42 1 39 1 8 0 0 3 8 1 0 0 0 0 0 0 0 0 0 0 0 0 0 0 0 
100 41 1 38 1 8 0 0 1 7 1 0 0 0 0 0 0 0 0 0 0 0 0 0 0 0 
100 37 1 37 1 8 0 0 0 7 1 0 0 0 0 0 0 0 0 0 0 0 0 0 0 0 
100 36 1 37 1 8 0 0 0 6 1 0 0 0 0 0 0 0 0 0 0 0 0 0 0 0 
100 35 1 36 1 11 0 0 0 5 4 0 0 0 0 0 0 0 0 0 0 0 0 0 0 0 
100 37 1 33 1 13 0 0 0 4 4 0 0 0 0 0 0 0 0 0 0 0 0 0 0 0 
100 37 1 32 1 13 0 0 0 3 4 0 0 0 0 0 0 0 0 0 0 0 0 0 0 0 
100 37 1 30 1 15 0 0 0 1 4 0 0 0 0 0 0 0 0 0 0 0 0 0 0 0 
100 35 3 26 1 17 0 0 0 0 4 0 0 0 0 0 0 0 0 0 0 0 0 0 0 0 
100 37 3 23 1 19 0 0 0 0 4 0 0 0 0 0 0 0 0 0 0 0 0 0 0 0 
100 41 3 19 1 20 0 0 0 0 4 0 0 0 0 0 0 0 0 0 0 0 0 0 0 0 
100 42 3 16 1 22 0 0 0 0 4 0 0 0 0 0 0 0 0 0 0 0 0 0 0 0 
100 41 3 17 1 22 0 0 0 0 4 0 0 0 0 0 0 0 0 0 0 0 0 0 0 0 
100 43 3 19 1 22 0 0 0 0 4 0 0 0 0 0 0 0 0 0 0 0 0 0 0 0 
100 39 3 21 1 22 0 0 0 0 4 0 0 0 0 0 0 0 0 0 0 0 0 0 0 0 
100 38 3 20 1 25 0 0 0 0 4 0 0 0 0 0 0 0 0 0 0 0 0 0 0 0 
100 40 3 17 1 25 0 0 0 0 4 0 0 0 0 0 0 0 0 0 0 0 0 0 0 0 
100 38 3 16 1 25 0 0 0 0 4 0 0 0 0 0 0 0 0 0 0 0 0 0 0 0 
100 36 3 16 1 25 0 0 0 0 4 0 0 0 0 0 0 0 0 0 0 0 0 0 0 0 
100 36 3 15 5 25 0 0 0 0 4 0 0 0 0 0 0 0 0 0 0 0 0 0 0 0 
100 40 3 11 5 25 0 0 0 0 4 0 0 0 0 0 0 0 0 0 0 0 0 0 0 0 
100 39 3 9 5 25 0 0 0 0 4 0 0 0 0 0 0 0 0 0 0 0 0 0 0 0 
100 38 3 10 5 25 1 0 0 0 4 0 0 0 0 0 0 0 0 0 0 0 0 0 0 0 
100 35 3 10 6 25 1 0 0 0 4 0 0 0 0 0 0 0 0 0 0 0 0 0 0 0 
100 31 6 11 6 25 1 0 0 0 4 0 0 0 0 0 0 0 0 0 0 0 0 0 0 0 
100 29 4 12 9 25 1 0 0 0 4 0 0 0 0 0 0 0 0 0 0 0 0 0 0 0 
100 29 3 10 10 25 1 1 0 0 4 0 0 0 0 0 0 0 0 0 0 0 0 0 0 0 
100 29 2 8 10 25 1 1 0 0 4 0 0 0 0 0 0 0 0 0 0 0 0 0 0 0 
100 31 2 5 11 27 1 1 0 0 4 0 0 0 0 0 0 0 0 0 0 0 0 0 0 0 
100 31 2 1 11 30 5 1 0 1 4 0 0 0 0 0 0 0 0 0 0 0 0 0 0 0 
100 30 2 1 11 25 5 1 0 1 4 0 0 0 0 0 0 0 0 0 0 0 0 0 0 0 
100 32 2 1 11 25 5 1 0 1 4 0 0 0 0 0 0 0 0 0 0 0 0 0 0 0 
100 32 2 1 11 25 5 1 0 1 4 0 0 0 0 0 0 0 0 0 0 0 0 0 0 0 
100 34 3 1 10 25 5 1 0 1 4 0 0 0 0 0 0 0 0 0 0 0 0 0 0 0 
100 33 3 1 10 25 5 1 0 1 4 0 0 0 0 0 0 0 0 0 0 0 0 0 0 0 
100 34 3 1 10 24 5 1 0 1 4 0 0 0 0 0 0 0 0 0 0 0 0 0 0 0 
100 34 3 1 10 23 5 1 0 1 4 0 0 0 0 0 0 0 0 0 0 0 0 0 0 0 
100 33 3 1 10 23 5 1 0 1 4 0 0 0 0 0 0 0 0 0 0 0 0 0 0 0 
100 32 2 3 10 23 5 1 0 1 4 0 0 0 0 0 0 0 0 0 0 0 0 0 0 0 
100 40 1 2 10 23 5 1 0 1 4 0 0 0 0 0 0 0 0 0 0 0 0 0 0 0 
100 44 1 1 9 22 5 1 0 1 4 0 0 0 0 0 0 0 0 0 0 0 0 0 0 0 
100 47 4 1 9 20 11 1 0 1 4 0 0 0 0 0 0 0 0 0 0 0 0 0 0 0 
100 51 4 1 9 12 12 1 0 0 8 0 0 1 0 0 0 0 0 0 0 0 0 0 0 0 
100 53 4 1 9 11 12 1 0 0 7 0 0 1 0 0 0 0 0 0 0 0 0 0 0 0 
100 51 4 1 9 11 12 1 0 0 6 0 0 1 0 0 0 0 0 0 0 0 0 0 0 0 
100 51 3 1 9 11 12 1 0 0 5 0 0 1 0 0 0 0 0 0 0 0 0 0 0 0 
100 51 1 1 13 9 12 1 0 0 5 0 0 1 0 0 0 0 0 0 0 0 0 0 0 0 
100 55 1 0 13 12 12 1 0 0 5 0 0 1 0 0 0 0 0 0 0 0 0 0 0 0 
100 55 0 0 13 9 13 1 0 0 5 0 0 1 0 0 0 0 0 0 0 0 0 0 0 0 
100 55 0 0 13 9 13 1 0 0 5 0 0 1 0 0 0 0 0 0 0 0 0 0 0 0 
100 55 0 0 13 9 13 1 0 0 5 0 0 1 0 0 0 0 0 0 0 0 0 0 0 0 
100 58 0 0 14 9 13 1 0 0 5 0 0 1 0 0 0 0 0 0 0 0 0 0 0 0 
100 58 0 0 14 9 13 1 0 0 5 0 0 1 0 0 0 0 0 0 0 0 0 0 0 0 
100 58 0 0 14 9 13 1 0 0 5 0 0 1 0 0 0 0 0 0 0 0 0 0 0 0 
100 58 0 0 13 9 13 1 0 0 5 0 0 1 0 0 0 0 0 0 0 0 0 0 0 0 
100 59 0 1 13 8 13 1 0 0 5 0 0 1 0 0 0 0 0 0 0 0 0 0 0 0 
100 58 0 1 12 7 13 5 0 0 5 0 0 1 0 0 0 0 0 0 0 0 0 0 0 0 
100 58 0 1 12 5 13 5 0 0 5 0 0 1 0 0 0 0 0 0 0 0 0 0 0 0 
100 61 0 1 12 4 13 5 0 0 5 0 0 1 0 0 0 0 0 0 0 0 0 0 0 0 
100 65 0 2 12 4 13 5 0 0 5 0 0 1 0 0 0 0 0 0 0 0 0 0 0 0 
100 64 0 2 11 3 13 5 0 0 5 0 0 1 0 0 0 0 0 0 0 0 0 0 0 0 
100 62 0 4 9 3 13 5 0 0 5 0 0 1 0 0 0 0 0 0 0 0 0 0 0 0 
100 67 0 4 8 3 13 5 0 0 5 0 0 1 0 0 0 0 0 0 0 0 0 0 0 0 
100 71 0 4 8 3 12 5 0 0 5 0 0 1 0 0 0 0 0 0 0 0 0 0 0 0 
100 72 0 7 8 3 12 5 0 0 5 0 0 1 0 0 0 0 0 0 0 0 0 0 0 0 
100 76 0 7 8 3 12 5 0 0 5 0 0 1 0 0 0 0 0 0 0 0 0 0 0 0 
100 75 0 7 8 1 12 8 0 0 5 0 0 1 0 0 0 0 0 0 0 0 0 0 0 0 
100 74 0 7 8 0 12 8 0 0 5 0 0 1 0 0 0 0 0 0 0 0 0 0 0 0 
100 75 0 8 8 0 11 8 0 0 5 0 0 1 0 0 0 0 0 0 0 0 0 0 0 0 
100 76 0 8 8 0 10 8 0 0 5 0 0 1 0 0 0 0 0 0 0 0 0 0 0 0 
100 79 0 8 9 0 8 10 0 0 5 0 0 1 0 0 0 0 0 0 0 0 0 0 0 0 
100 76 0 11 9 1 6 10 0 0 5 0 0 1 0 0 0 0 0 0 0 0 0 0 0 0 
100 78 0 10 9 1 6 10 0 0 5 0 0 1 0 0 0 0 0 0 0 0 0 0 0 0 
100 77 0 10 9 1 5 10 0 0 5 0 0 1 0 0 0 0 0 0 0 0 0 0 0 0 
100 71 0 14 9 1 4 10 0 0 5 0 0 1 0 0 0 0 0 0 0 0 0 0 0 0 
100 68 0 14 9 1 2 10 0 0 5 0 0 1 0 0 0 0 0 0 0 0 0 0 0 0 
100 67 0 14 9 1 2 10 0 0 5 0 0 1 0 0 0 0 0 0 0 0 0 0 0 0 
100 69 0 14 9 1 2 10 0 0 5 0 0 1 0 0 0 0 0 0 0 0 0 0 0 0 
100 69 0 13 9 1 2 10 0 0 5 0 0 1 0 0 0 0 0 0 0 0 0 0 0 0 
100 65 0 12 9 1 2 10 0 0 4 0 0 1 0 0 0 0 0 0 0 0 0 0 0 0 
100 64 0 17 9 6 1 10 0 0 0 0 0 0 0 0 0 0 0 0 0 0 0 0 0 0 
100 66 0 17 8 6 0 12 0 0 0 0 0 0 0 0 0 0 0 0 0 0 0 0 0 0 
100 68 0 16 7 6 0 12 0 0 0 0 0 0 0 0 0 0 0 0 0 0 0 0 0 0 
100 66 0 14 3 6 0 12 0 0 0 0 0 0 0 0 0 0 0 0 0 0 0 0 0 0 
100 65 0 14 2 6 0 12 0 0 0 0 0 0 0 0 0 0 0 0 0 0 0 0 0 0 
100 68 0 14 2 6 0 12 0 0 0 0 0 0 0 0 0 0 0 0 0 0 0 0 0 0 
100 71 1 14 2 6 0 12 0 0 0 0 0 0 0 0 0 0 0 0 0 0 0 0 0 0 
100 74 2 19 3 6 0 12 0 0 0 0 0 0 0 0 0 0 0 0 0 0 0 0 0 0 
100 72 2 18 3 6 0 12 0 0 0 0 0 0 0 0 0 0 0 0 0 0 0 0 0 0 
100 71 2 20 3 6 0 12 0 0 0 0 0 0 0 0 0 0 0 0 0 0 0 0 0 0 
100 76 2 20 3 6 0 12 0 0 0 0 0 0 0 0 0 0 0 0 0 0 0 0 0 0 
100 75 2 20 3 6 0 12 0 0 0 0 0 0 0 0 0 0 0 0 0 0 0 0 0 0 
100 75 3 19 3 6 0 12 0 0 0 0 0 0 0 0 0 0 0 0 0 0 0 0 0 0 
100 74 3 19 3 6 0 11 0 0 0 0 0 0 0 0 0 0 0 0 0 0 0 0 0 0 
100 73 3 18 3 6 0 11 0 0 0 0 0 0 0 0 0 0 0 0 0 0 0 0 0 0 
100 70 3 17 3 6 0 11 0 0 0 0 0 0 0 0 0 0 0 0 0 0 0 0 0 0 
100 72 3 18 3 6 0 11 0 0 0 0 0 0 0 0 0 0 0 0 0 0 0 0 0 0 
100 78 3 18 3 6 0 11 0 0 0 0 0 0 0 0 0 0 0 0 0 0 0 0 0 0 
100 79 3 17 3 6 0 11 0 0 0 0 0 0 0 0 0 0 0 0 0 0 0 0 0 0 
100 75 11 16 3 6 0 11 0 0 0 0 0 0 0 0 0 0 0 0 0 0 0 0 0 0 
100 70 11 15 5 5 0 11 0 0 0 0 0 0 0 0 0 0 0 0 0 0 0 0 0 0 
100 66 11 14 6 4 0 11 0 0 1 0 0 0 0 0 0 0 0 0 0 0 0 0 0 0 
100 64 13 13 6 3 0 11 0 0 1 0 0 0 0 0 0 0 0 0 0 0 0 0 0 0 
100 60 13 9 12 2 0 11 0 0 1 0 0 0 0 0 0 0 0 0 0 0 0 0 0 0 
100 58 12 6 12 2 0 11 0 0 1 0 0 0 0 0 0 0 0 0 0 0 0 0 0 0 
100 57 12 5 16 2 0 10 0 0 1 0 0 0 0 0 0 0 0 0 0 0 0 0 0 0 
100 57 12 5 16 0 0 12 0 0 1 0 0 0 0 0 0 0 0 0 0 0 0 0 0 0 
100 55 12 4 18 0 0 10 0 0 1 0 0 0 0 0 0 0 0 0 0 0 0 0 0 0 
100 59 12 4 18 0 0 9 0 0 1 0 0 0 0 0 0 0 0 0 0 0 0 0 0 0 
100 59 12 4 18 0 0 9 0 0 1 0 0 0 0 0 0 0 0 0 0 0 0 0 0 0 
100 59 12 4 18 0 0 9 0 0 1 0 0 0 0 0 0 0 0 0 0 0 0 0 0 0 
100 58 12 3 18 0 0 9 0 0 1 0 0 0 0 0 0 0 0 0 0 0 0 0 0 0 
100 62 14 2 18 0 0 9 0 0 1 0 0 0 0 0 0 0 0 0 0 0 0 0 0 0 
100 60 14 2 17 0 0 9 0 0 1 0 0 0 0 0 0 0 0 0 0 0 0 0 0 0 
100 59 17 4 17 0 1 9 0 0 1 0 0 0 0 0 0 0 0 0 0 0 0 0 0 0 
100 58 17 4 17 0 1 9 0 0 1 0 0 0 0 0 0 0 0 0 0 0 0 0 0 0 
100 62 17 6 17 2 1 9 0 0 1 0 0 0 0 0 0 0 0 0 0 0 0 0 0 0 
100 59 16 3 17 1 1 9 0 0 1 0 0 0 0 0 0 0 0 0 0 0 0 0 0 0 
100 60 18 3 17 1 1 8 0 0 1 0 0 0 0 0 0 0 0 0 0 0 0 0 0 0 
100 58 17 3 17 1 1 6 0 0 1 0 0 0 0 0 0 0 0 0 0 0 0 0 0 0 
100 57 16 3 17 0 1 8 0 2 1 0 0 0 0 0 0 0 0 0 0 0 0 0 0 0 
100 61 16 4 17 0 1 6 0 2 1 0 0 0 0 0 0 0 0 0 0 0 0 0 0 0 
100 57 15 4 20 0 1 6 0 1 1 0 0 0 0 0 0 0 0 0 0 0 0 0 0 0 
100 54 17 4 20 0 1 6 0 1 1 0 0 0 0 0 0 0 0 0 0 0 0 0 0 0 
100 52 17 6 20 0 1 6 0 1 1 0 0 0 0 0 0 0 0 0 0 0 0 0 0 0 
100 49 17 6 20 0 1 6 0 1 1 0 0 0 0 0 0 0 0 0 0 0 0 0 0 0 
100 50 19 6 20 0 1 6 0 1 1 0 0 0 0 0 0 0 0 0 0 0 0 0 0 0 
100 48 24 8 20 0 1 6 0 1 1 0 0 0 0 0 0 0 0 0 0 0 0 0 0 0 
100 48 24 8 20 0 1 6 0 1 1 0 0 0 0 0 0 0 0 0 0 0 0 0 0 0 
100 49 28 8 20 0 1 6 0 1 1 0 0 0 0 0 0 0 0 0 0 0 0 0 0 0 
100 46 33 8 20 0 1 6 0 1 1 0 0 0 0 0 0 0 0 0 0 0 0 0 0 0 
100 46 32 8 20 0 1 6 0 1 1 0 0 0 0 0 0 0 0 0 0 0 0 0 0 0 
100 46 30 8 24 0 0 6 0 1 1 0 0 0 0 0 0 0 0 0 0 0 0 0 0 0 
100 48 27 8 28 0 0 6 0 1 1 0 0 0 0 0 0 0 0 0 0 0 0 0 0 0 
100 46 27 8 28 0 0 5 0 1 1 0 0 0 0 0 0 0 0 0 0 0 0 0 0 0 
100 45 24 8 28 0 0 5 0 0 1 0 0 0 0 0 0 0 0 0 0 0 0 0 0 0 
100 48 25 8 28 1 0 5 0 0 1 0 0 0 0 0 0 0 0 0 0 0 0 0 0 0 
100 47 25 10 28 1 0 5 0 0 1 0 0 0 0 0 0 0 0 0 0 0 0 0 0 0 
100 47 25 10 28 1 0 5 0 0 1 0 0 0 0 0 0 0 0 0 0 0 0 0 0 0 
100 48 25 14 25 1 0 5 0 0 1 0 0 0 0 0 0 0 0 0 0 0 0 0 0 0 
100 51 23 14 24 1 0 5 0 0 1 0 0 0 0 0 0 0 0 0 0 0 0 0 0 0 
100 45 23 18 24 1 0 4 0 0 1 0 0 0 0 0 0 0 0 0 0 0 0 0 0 0 
100 42 23 20 23 1 0 4 0 0 1 0 0 0 0 0 0 0 0 0 0 0 0 0 0 0 
100 39 27 19 21 1 0 4 0 0 1 0 0 0 0 0 0 0 0 0 0 0 0 0 0 0 
100 38 27 19 21 1 0 3 0 0 1 0 0 0 0 0 0 0 0 0 0 0 0 0 0 0 
100 40 27 19 21 1 0 3 0 0 1 0 0 0 0 0 0 0 0 0 0 0 0 0 0 0 
100 40 25 19 25 1 0 3 0 0 1 0 0 0 0 0 0 0 0 0 0 0 0 0 0 0 
100 39 23 21 26 1 0 3 0 0 1 0 0 0 0 0 0 0 0 0 0 0 0 0 0 0 
100 37 20 21 28 1 0 3 0 0 1 0 0 0 0 0 0 0 0 0 0 0 0 0 0 0 
100 37 19 21 28 1 0 3 0 0 1 0 0 0 0 0 0 0 0 0 0 0 0 0 0 0 
100 33 17 22 31 1 1 3 0 0 1 0 0 0 0 0 0 0 0 0 0 0 0 0 0 0 
100 32 16 23 31 0 1 3 0 0 1 0 0 0 0 0 0 0 0 0 0 0 0 0 0 0 
100 34 17 22 31 0 1 3 0 0 1 0 0 0 0 0 0 0 0 0 0 0 0 0 0 0 
100 34 17 22 31 0 1 3 0 0 1 0 0 0 0 0 0 0 0 0 0 0 0 0 0 0 
100 33 20 22 30 0 1 3 0 0 1 0 0 0 0 0 0 0 0 0 0 0 0 0 0 0 
100 31 20 22 30 0 1 3 0 0 1 0 0 0 0 0 0 0 0 0 0 0 0 0 0 0 
100 29 21 23 32 0 1 2 0 0 1 0 0 0 0 0 0 0 0 0 0 0 0 0 0 0 
100 26 22 27 33 1 2 2 0 0 1 0 0 0 0 0 0 0 0 0 0 0 0 0 0 0 
100 24 19 27 32 2 2 2 0 0 1 0 0 0 0 0 0 0 0 0 0 0 0 0 0 0 
100 23 18 24 31 2 2 2 0 0 1 0 0 0 0 0 0 0 0 0 0 0 0 0 0 0 
100 23 21 27 31 2 3 3 0 0 1 0 0 0 0 0 0 0 0 0 0 0 0 0 0 0 
100 23 18 32 29 1 3 3 0 0 1 0 0 0 0 0 0 0 0 0 0 0 0 0 0 0 
100 22 21 32 28 1 3 3 0 0 1 0 0 0 0 0 0 0 0 0 0 0 0 0 0 0 
100 20 20 32 30 1 4 4 0 0 1 0 0 0 0 0 0 0 0 0 0 0 0 0 0 0 
100 16 19 32 28 1 4 4 0 0 1 0 0 0 0 0 0 0 0 0 0 0 0 0 0 0 
100 20 22 31 26 0 3 10 0 0 1 0 0 0 0 0 0 0 0 0 0 0 0 0 0 0 
100 19 22 31 25 0 6 11 0 1 1 0 0 0 0 0 0 0 0 0 0 0 0 0 0 0 
100 16 22 31 24 0 5 10 0 1 1 0 0 0 0 0 0 0 0 0 0 0 0 0 0 0 
100 16 21 31 24 0 5 10 0 1 1 0 0 0 0 0 0 0 0 0 0 0 0 0 0 0 
100 16 21 30 22 0 5 10 0 1 1 0 0 0 0 0 0 0 0 0 0 0 0 0 0 0 
100 20 21 29 20 0 9 10 0 1 1 0 0 0 0 0 0 0 0 0 0 0 0 0 0 0 
100 20 24 29 18 0 9 10 0 1 1 0 0 0 0 0 0 0 0 0 0 0 0 0 0 0 
100 19 26 29 17 0 9 10 0 1 1 0 0 0 0 0 0 0 0 0 0 0 0 0 0 0 
100 17 24 28 20 0 10 10 0 1 0 0 0 0 0 0 0 0 0 0 0 0 0 0 0 0 
100 15 26 26 17 0 10 10 0 1 0 0 0 0 0 0 0 0 0 0 0 0 0 0 0 0 
100 14 21 25 17 0 10 10 0 1 0 0 0 0 0 0 0 0 0 0 0 0 0 0 0 0 
100 16 18 23 17 1 10 10 0 1 0 0 0 0 0 0 0 0 0 0 0 0 0 0 0 0 
100 16 16 27 20 1 12 9 0 1 0 0 0 0 0 0 0 0 0 0 0 0 0 0 0 0 
100 16 15 26 18 1 12 9 0 1 0 0 0 0 0 0 0 0 0 0 0 0 0 0 0 0 
100 16 15 25 17 0 12 9 0 1 0 0 0 0 0 0 0 0 0 0 0 0 0 0 0 0 
100 16 15 23 18 0 13 9 0 1 0 0 0 0 0 0 0 0 0 0 0 0 0 0 0 0 
100 16 17 22 18 0 13 9 0 1 0 0 0 0 0 0 0 0 0 0 0 0 0 0 0 0 
100 19 17 20 17 0 13 10 0 1 0 0 0 0 0 0 0 0 0 0 0 0 0 0 0 0 
100 21 16 19 16 0 16 10 0 1 0 0 0 0 0 0 0 0 0 0 0 0 0 0 0 0 
100 21 14 18 14 0 14 12 0 3 0 0 0 0 0 0 0 0 0 0 0 0 0 0 0 0 
100 21 11 18 15 0 13 10 0 3 0 0 0 0 0 0 0 0 0 0 0 0 0 0 0 0 
100 21 10 17 15 0 10 15 0 3 0 0 0 0 0 0 0 0 0 0 0 0 0 0 0 0 
100 21 10 16 18 0 7 17 1 3 0 0 0 0 0 0 0 0 0 0 0 0 0 0 0 0 
100 21 10 9 18 0 6 17 1 3 0 0 0 0 0 0 0 0 0 0 0 0 0 0 0 0 
100 20 10 6 18 0 5 16 1 3 0 0 0 0 0 0 0 0 0 0 0 0 0 0 0 0 
100 20 9 5 18 0 3 16 2 3 0 0 0 0 0 0 0 0 0 0 0 0 0 0 0 0 
100 19 8 5 17 0 2 16 2 3 2 0 0 0 0 0 0 0 0 0 0 0 0 0 0 0 
100 18 8 9 15 0 4 15 1 3 2 0 0 0 0 0 0 0 0 0 0 0 0 0 0 0 
100 25 8 8 13 0 5 14 2 3 2 0 0 0 0 0 0 0 0 0 0 0 0 0 0 0 
100 23 8 8 12 0 2 12 1 3 2 0 0 0 0 0 0 0 0 0 0 0 0 0 0 0 
100 22 8 8 11 0 1 16 1 3 2 0 0 0 0 0 0 0 0 0 0 0 0 0 0 0 
100 22 10 8 10 1 6 16 0 3 4 0 1 0 0 0 0 0 0 0 0 0 0 0 0 0 
100 22 10 8 10 1 6 16 0 3 3 0 1 0 0 0 0 0 0 0 0 0 0 0 0 0 
100 22 10 8 10 1 6 16 0 3 3 0 1 0 0 0 0 0 0 0 0 0 0 0 0 0 
100 22 10 8 10 1 6 16 0 3 3 0 1 0 0 0 0 0 0 0 0 0 0 0 0 0 
100 22 10 8 10 1 6 16 0 3 3 0 1 0 0 0 0 0 0 0 0 0 0 0 0 0 
100 22 9 8 8 1 6 16 0 3 3 0 1 0 0 0 0 0 0 0 0 0 0 0 0 0 
100 22 9 8 7 1 6 16 0 3 3 0 1 0 0 0 0 0 0 0 0 0 0 0 0 0 
100 22 8 8 7 0 6 16 0 3 3 0 1 0 0 0 0 0 0 0 0 0 0 0 0 0 
100 22 8 8 6 0 6 16 0 3 3 0 1 0 0 0 0 0 0 0 0 0 0 0 0 0 
100 22 10 8 6 0 6 16 0 3 3 0 1 0 0 0 0 0 0 0 0 0 0 0 0 0 
100 30 10 8 6 0 6 15 0 3 3 0 1 0 0 0 0 0 0 0 0 0 0 0 0 0 
100 30 16 8 6 0 6 12 0 6 2 0 2 0 0 0 0 0 0 0 0 0 0 0 0 0 
100 30 16 8 6 0 6 10 0 6 1 0 4 0 1 1 0 0 0 0 0 0 0 0 0 0 
100 30 15 8 9 0 6 8 0 6 0 0 3 0 1 1 0 0 0 0 0 0 0 0 0 0 
100 28 15 8 9 0 6 5 0 9 0 0 2 0 1 1 0 0 0 0 0 0 0 0 0 0 
100 28 15 8 9 0 5 3 0 11 0 0 1 0 3 2 0 0 0 0 0 0 0 0 0 0 
100 31 15 6 11 0 6 3 0 11 0 0 1 0 2 2 0 0 0 0 0 0 0 0 0 0 
100 31 15 3 11 0 6 3 0 11 0 0 1 0 1 2 0 0 0 0 0 0 0 0 0 0 
100 30 15 2 9 0 6 3 0 11 0 0 1 0 0 3 0 0 0 0 0 0 0 0 0 0 
100 29 18 2 8 0 10 3 0 11 0 0 1 0 0 3 0 0 0 0 0 0 0 0 0 0 
100 29 18 2 7 0 8 7 0 11 0 0 1 0 0 3 0 0 0 0 0 0 0 0 0 0 
100 29 18 2 7 0 7 6 0 11 0 0 1 0 0 3 0 0 0 0 0 0 0 0 0 0 
100 29 18 2 7 0 7 6 0 11 0 0 1 0 0 3 0 0 0 0 0 0 0 0 0 0 
100 28 19 2 7 2 6 5 0 11 0 0 1 0 0 3 0 0 0 0 0 0 0 0 0 0 
100 28 18 2 7 2 6 5 0 11 0 0 1 0 0 3 0 0 0 0 0 0 0 0 0 0 
100 28 18 2 6 2 6 5 0 11 0 0 1 0 0 3 0 0 0 0 0 0 0 0 0 0 
100 28 18 2 5 2 6 5 0 11 0 0 1 0 0 3 0 0 0 0 0 0 0 0 0 0 
100 28 17 2 5 2 6 5 0 11 0 0 1 0 0 3 0 0 0 0 0 0 0 0 0 0 
100 28 17 2 4 3 6 5 1 11 0 0 1 0 0 3 0 0 0 0 0 0 0 0 0 0 
100 26 17 2 4 3 6 5 1 11 0 0 1 0 0 3 0 0 0 0 0 0 0 0 0 0 
100 26 17 1 4 2 6 5 1 11 0 0 1 0 0 3 0 0 0 0 0 0 0 0 0 0 
100 24 17 1 3 2 6 5 1 11 0 0 1 0 0 3 0 0 0 0 0 0 0 0 0 0 
100 23 17 1 3 1 6 4 1 11 0 0 1 0 0 3 0 0 0 0 0 0 0 0 0 0 
100 23 16 1 2 1 6 3 1 11 0 0 1 0 0 3 0 0 0 0 0 0 0 0 0 0 
100 22 18 0 2 0 5 3 1 11 0 0 1 0 0 3 0 0 0 0 0 0 0 0 0 0 
100 22 21 0 2 0 5 3 1 11 0 0 1 0 0 3 0 0 0 0 0 0 0 0 0 0 
100 26 22 0 4 0 5 3 1 11 0 0 1 0 0 3 0 0 0 0 0 0 0 0 0 0 
100 25 22 0 4 0 5 3 1 11 0 0 1 0 0 3 0 0 0 0 0 0 0 0 0 0 
100 24 21 0 4 0 5 1 1 11 0 0 1 0 0 3 0 0 0 0 0 0 0 0 0 0 
100 24 23 0 4 1 5 0 1 15 0 0 1 0 0 3 0 0 0 0 0 0 0 0 0 0 
100 23 22 0 6 2 5 0 0 16 0 0 1 0 0 3 0 0 0 0 0 0 0 0 0 0 
100 20 21 0 4 2 5 0 0 16 0 0 1 0 0 3 0 0 0 0 0 0 0 0 0 0 
100 18 24 0 4 2 5 0 0 16 0 0 1 0 0 3 0 0 0 0 0 0 0 0 0 0 
100 16 27 0 3 1 7 0 0 16 0 0 1 0 0 3 0 0 0 0 0 0 0 0 0 0 
100 20 26 0 3 1 7 0 0 16 0 0 1 0 0 3 0 0 0 0 0 0 0 0 0 0 
100 21 26 0 3 1 7 0 0 16 0 0 1 0 0 3 0 0 0 0 0 0 0 0 0 0 
100 19 26 0 3 1 7 0 0 16 0 0 1 0 0 3 0 0 0 0 0 0 0 0 0 0 
100 17 26 2 2 1 9 0 0 16 0 0 1 0 0 3 0 0 0 0 0 0 0 0 0 0 
100 15 28 2 2 1 9 0 0 16 0 0 1 0 0 3 0 0 0 0 0 0 0 0 0 0 
100 13 30 2 2 1 9 0 0 16 0 0 1 0 0 3 0 0 0 0 0 0 0 0 0 0 
100 12 30 2 2 1 9 0 0 16 0 0 1 0 0 3 0 0 0 0 0 0 0 0 0 0 
100 11 28 2 2 1 9 0 0 16 0 0 1 0 0 3 0 0 0 0 0 0 0 0 0 0 
100 11 28 4 2 2 10 0 0 15 0 0 0 0 0 3 0 0 0 0 0 0 0 0 0 0 
100 11 30 4 2 2 10 0 0 15 0 0 0 0 0 3 0 0 0 0 0 0 0 0 0 0 
100 11 28 4 2 1 10 0 0 14 0 0 0 0 0 3 0 0 0 0 0 0 0 0 0 0 
100 11 30 4 2 1 10 0 0 14 0 0 0 0 0 3 0 0 0 0 0 0 0 0 0 0 
100 11 30 4 2 1 10 0 0 13 0 0 0 0 0 3 0 0 0 0 0 0 0 0 0 0 
100 11 30 4 2 1 10 0 0 12 0 0 0 0 0 3 0 0 0 0 0 0 0 0 0 0 
100 11 30 4 2 1 10 0 0 12 0 0 0 0 0 3 0 0 0 0 0 0 0 0 0 0 
100 10 30 4 2 1 10 0 0 12 0 0 0 0 0 3 0 0 0 0 0 0 0 0 0 0 
100 10 28 4 2 1 10 0 0 12 0 0 0 0 0 3 0 0 0 0 0 0 0 0 0 0 
100 10 27 4 2 1 10 0 0 12 0 0 0 0 0 3 0 0 0 0 0 0 0 0 0 0 
100 9 26 7 2 1 10 0 0 12 0 0 0 0 0 3 0 0 0 0 0 0 0 0 0 0 
100 9 23 7 4 1 10 0 0 11 0 0 0 0 0 3 0 0 0 0 0 0 0 0 0 0 
100 8 24 7 3 1 9 0 0 11 0 0 0 0 0 1 0 0 0 0 0 0 0 0 0 0 
100 7 24 7 3 1 9 0 0 10 0 0 0 0 0 0 0 0 0 0 0 0 0 0 0 0 
100 7 26 7 3 1 9 0 0 10 0 0 0 0 0 0 0 0 0 0 0 0 0 0 0 0 
100 7 34 7 3 1 9 0 0 10 0 0 0 0 0 0 0 0 0 0 0 0 0 0 0 0 
100 7 34 7 2 1 9 0 0 10 0 0 0 0 0 0 0 0 0 0 0 0 0 0 0 0 
100 7 34 7 2 1 9 0 0 10 0 0 0 0 0 0 0 0 0 0 0 0 0 0 0 0 
100 7 34 6 2 1 9 0 0 10 0 0 0 0 0 0 0 0 0 0 0 0 0 0 0 0 
100 7 34 5 2 1 9 0 0 10 0 0 0 0 0 0 0 0 0 0 0 0 0 0 0 0 
100 7 35 5 2 3 9 0 0 10 0 0 0 0 0 0 0 0 0 0 0 0 0 0 0 0 
100 7 34 4 2 3 9 0 0 10 0 0 0 0 0 0 0 0 0 0 0 0 0 0 0 0 
100 12 32 4 2 3 9 0 0 10 0 0 0 0 0 0 0 0 0 0 0 0 0 0 0 0 
100 11 33 7 2 3 9 0 0 10 0 0 0 0 0 0 0 0 0 0 0 0 0 0 0 0 
100 11 35 7 3 3 9 0 0 10 0 0 0 0 0 0 0 0 0 0 0 0 0 0 0 0 
100 11 33 9 4 3 9 0 0 10 0 0 0 0 0 0 0 0 0 0 0 0 0 0 0 0 
100 11 32 8 3 5 9 0 0 10 0 0 0 0 0 0 0 0 0 0 0 0 0 0 0 0 
100 11 30 11 1 5 9 0 0 8 0 0 0 0 0 0 0 0 0 0 0 0 0 0 0 0 
100 11 28 11 1 5 9 0 0 2 0 0 0 0 0 0 0 0 0 0 0 0 0 0 0 0 
100 11 28 10 1 4 12 0 0 0 0 0 0 0 0 0 0 0 0 0 0 0 0 0 0 0 
100 11 30 10 1 3 12 0 0 0 0 0 0 0 0 0 0 0 0 0 0 0 0 0 0 0 
100 11 30 10 1 3 12 0 0 0 0 0 0 0 0 0 0 0 0 0 0 0 0 0 0 0 
100 12 32 10 1 3 12 0 0 0 0 0 0 0 0 0 0 0 0 0 0 0 0 0 0 0 
100 10 34 10 1 3 12 0 0 0 0 0 0 0 0 0 0 0 0 0 0 0 0 0 0 0 
100 9 31 12 1 4 11 0 0 0 0 0 0 0 0 0 0 0 0 0 0 0 0 0 0 0 
100 8 31 13 1 4 11 0 0 0 0 0 0 0 0 0 0 0 0 0 0 0 0 0 0 0 
100 6 30 11 1 8 11 0 1 0 0 0 0 0 0 0 0 0 0 0 0 0 0 0 0 0 
100 6 30 11 1 8 11 0 1 0 0 0 0 0 0 0 0 0 0 0 0 0 0 0 0 0 
100 6 30 11 1 8 11 0 1 0 0 0 0 0 0 0 0 0 0 0 0 0 0 0 0 0 
100 6 29 11 5 8 11 0 1 0 0 0 0 0 0 0 0 0 0 0 0 0 0 0 0 0 
100 6 31 11 5 9 10 0 1 0 0 0 0 0 0 0 0 0 0 0 0 0 0 0 0 0 
100 9 31 11 5 9 10 0 1 0 0 0 0 0 0 0 0 0 0 0 0 0 0 0 0 0 
100 8 30 11 5 9 9 0 1 0 0 0 0 0 0 0 0 0 0 0 0 0 0 0 0 0 
100 9 30 11 5 9 9 0 1 0 0 0 0 0 0 0 0 0 0 0 0 0 0 0 0 0 
100 9 32 11 5 9 9 0 1 0 0 0 0 0 0 0 0 0 0 0 0 0 0 0 0 0 
100 9 39 10 6 10 9 0 1 0 0 0 0 0 0 0 0 0 0 0 0 0 0 0 0 0 
100 8 40 10 6 10 8 0 1 0 0 0 0 0 0 0 0 0 0 0 0 0 0 0 0 0 
100 8 39 10 6 10 7 0 1 0 0 0 0 0 0 0 0 0 0 0 0 0 0 0 0 0 
100 9 39 10 6 10 7 0 1 0 0 0 0 0 0 0 0 0 0 0 0 0 0 0 0 0 
100 8 39 10 6 10 7 0 1 0 0 0 0 0 0 0 0 0 0 0 0 0 0 0 0 0 
100 6 43 10 9 10 8 0 1 0 0 0 0 0 0 0 0 0 0 0 0 0 0 0 0 0 
100 6 42 10 8 10 8 0 1 0 0 0 0 0 0 0 0 0 0 0 0 0 0 0 0 0 
100 5 45 10 9 10 8 0 1 0 0 0 0 0 0 0 0 0 0 0 0 0 0 0 0 0 
100 3 44 10 9 10 8 0 1 0 0 0 0 0 0 0 0 0 0 0 0 0 0 0 0 0 
100 3 46 10 9 10 8 0 1 0 0 0 0 0 0 0 0 0 0 0 0 0 0 0 0 0 
100 3 46 10 9 10 7 0 1 0 0 0 0 0 0 0 0 0 0 0 0 0 0 0 0 0 
100 3 45 10 9 10 7 0 1 0 0 0 0 0 0 0 0 0 0 0 0 0 0 0 0 0 
100 3 45 10 9 10 6 0 1 0 0 0 0 0 0 0 0 0 0 0 0 0 0 0 0 0 
100 1 47 10 8 10 10 0 1 0 0 0 0 0 0 0 0 0 0 0 0 0 0 0 0 0 
100 1 50 10 7 10 10 0 1 0 0 0 0 0 0 0 0 0 0 0 0 0 0 0 0 0 
100 1 52 10 7 10 10 0 1 0 0 0 0 0 0 0 0 0 0 0 0 0 0 0 0 0 
100 1 52 10 7 10 10 0 1 0 0 0 0 0 0 0 0 0 0 0 0 0 0 0 0 0 
100 1 50 10 7 10 10 0 1 0 0 0 0 0 0 0 0 0 0 0 0 0 0 0 0 0 
100 1 49 9 6 9 10 0 1 0 0 0 0 0 0 0 0 0 0 0 0 0 0 0 0 0 
100 1 49 8 4 8 10 0 1 0 0 0 0 0 0 0 0 0 0 0 0 0 0 0 0 0 
100 1 49 7 1 12 11 0 1 1 0 0 0 0 0 0 0 0 0 0 0 0 0 0 0 0 
100 1 49 6 0 10 11 0 1 1 0 0 0 0 0 0 0 0 0 0 0 0 0 0 0 0 
100 4 50 6 0 8 11 0 1 1 0 0 0 0 0 0 0 0 0 0 0 0 0 0 0 0 
100 4 49 6 0 6 10 0 3 1 0 0 0 0 0 0 0 0 0 0 0 0 0 0 0 0 
100 3 50 5 0 5 12 0 3 1 0 0 0 0 0 0 0 0 0 0 0 0 0 0 0 0 
100 2 48 3 0 7 11 0 3 1 0 0 0 0 0 0 0 0 0 0 0 0 0 0 0 0 
100 2 47 3 0 5 17 0 4 1 0 0 0 0 0 0 0 0 0 0 0 0 0 0 0 0 
100 2 47 3 0 4 15 0 4 1 0 0 0 0 0 0 0 0 0 0 0 0 0 0 0 0 
100 2 46 3 0 4 13 0 4 1 0 0 0 0 0 0 0 0 0 0 0 0 0 0 0 0 
100 2 50 4 0 4 12 0 6 1 0 0 0 0 0 0 0 0 0 0 0 0 0 0 0 0 
100 2 52 4 0 4 11 0 8 1 0 0 0 0 0 0 0 0 0 0 0 0 0 0 0 0 
100 2 55 4 0 4 11 0 8 1 0 0 0 0 0 0 0 0 0 0 0 0 0 0 0 0 
100 1 58 10 0 4 11 0 8 1 0 0 0 0 0 0 0 0 0 0 0 0 0 0 0 0 
100 1 56 9 0 4 11 0 8 1 0 0 0 0 0 0 0 0 0 0 0 0 0 0 0 0 
100 1 55 9 0 4 11 0 7 1 0 0 0 0 0 0 0 0 0 0 0 0 0 0 0 0 
100 1 55 9 1 4 11 0 6 1 0 0 0 0 0 0 0 0 0 0 0 0 0 0 0 0 
100 1 52 10 1 4 11 0 6 1 0 0 0 0 0 0 0 0 0 0 0 0 0 0 0 0 
100 1 50 11 1 4 12 0 6 1 0 0 0 0 0 0 0 0 0 0 0 0 0 0 0 0 
100 0 50 9 1 3 12 0 6 1 0 0 0 0 0 0 0 0 0 0 0 0 0 0 0 0 
100 0 47 9 5 2 13 0 6 1 0 0 0 0 0 0 0 0 0 0 0 0 0 0 0 0 
100 0 44 10 5 1 13 0 6 1 0 0 0 0 0 0 0 0 0 0 0 0 0 0 0 0 
100 0 41 10 5 0 15 0 6 1 0 0 0 0 0 0 0 0 0 0 0 0 0 0 0 0 
100 0 43 10 5 0 15 0 5 4 0 0 0 0 0 0 0 0 0 0 0 0 0 0 0 0 
100 0 43 10 5 0 15 0 3 4 0 0 0 0 0 0 0 0 0 0 0 0 0 0 0 0 
100 0 45 10 5 0 15 0 3 4 0 0 0 0 0 0 0 0 0 0 0 0 0 0 0 0 
100 0 42 13 5 0 15 0 3 4 0 0 0 0 0 0 0 0 0 0 0 0 0 0 0 0 
100 0 40 13 5 0 15 0 3 4 0 0 0 0 0 0 0 0 0 0 0 0 0 0 0 0 
100 0 46 13 5 0 14 0 4 5 0 0 0 0 0 0 0 0 0 0 0 0 0 0 0 0 
100 0 44 13 5 0 14 0 3 5 0 0 0 0 0 0 0 0 0 0 0 0 0 0 0 0 
100 0 42 13 6 0 15 0 2 5 0 0 0 0 0 0 0 0 0 0 0 0 0 0 0 0 
100 0 42 13 5 0 15 0 2 5 0 0 0 0 0 0 0 0 0 0 0 0 0 0 0 0 
100 0 42 13 4 0 15 0 1 10 0 0 0 0 0 0 0 0 0 0 0 0 0 0 0 0 
100 0 44 17 4 0 15 0 1 10 0 0 0 0 0 0 0 0 0 0 0 0 0 0 0 0 
100 0 43 17 4 0 15 0 1 10 0 0 0 0 0 0 0 0 0 0 0 0 0 0 0 0 
100 0 46 17 3 0 17 0 1 10 0 0 0 0 0 0 0 0 0 0 0 0 0 0 0 0 
100 0 46 17 3 0 17 0 1 10 0 0 0 0 0 0 0 0 0 0 0 0 0 0 0 0 
100 0 45 17 2 0 16 0 1 10 0 0 0 0 0 0 0 0 0 0 0 0 0 0 0 0 
100 0 44 17 2 0 16 0 0 10 0 0 0 0 0 0 0 0 0 0 0 0 0 0 0 0 
100 0 43 18 1 0 16 0 0 10 0 0 0 0 0 0 0 0 0 0 0 0 0 0 0 0 
100 0 43 19 1 0 16 0 0 10 0 0 0 0 0 0 0 0 0 0 0 0 0 0 0 0 
100 0 41 19 0 0 17 0 0 10 0 0 0 0 0 0 0 0 0 0 0 0 0 0 0 0 
100 0 39 19 0 0 17 0 0 10 0 0 0 0 0 0 0 0 0 0 0 0 0 0 0 0 
100 0 39 19 0 0 17 0 0 10 0 0 0 0 0 0 0 0 0 0 0 0 0 0 0 0 
100 0 39 19 0 0 16 0 0 10 0 0 0 0 0 0 0 0 0 0 0 0 0 0 0 0 
100 0 39 19 0 0 16 0 0 10 0 0 0 0 0 0 0 0 0 0 0 0 0 0 0 0 
100 0 38 21 1 0 17 0 0 10 0 0 0 0 0 0 0 0 0 0 0 0 0 0 0 0 
100 0 38 21 0 0 16 0 0 10 0 0 0 0 0 0 0 0 0 0 0 0 0 0 0 0 
100 0 37 21 0 0 14 0 0 10 0 0 0 0 0 0 0 0 0 0 0 0 0 0 0 0 
100 0 37 21 0 0 14 0 0 10 0 0 0 0 0 0 0 0 0 0 0 0 0 0 0 0 
100 0 37 21 0 0 13 0 0 10 0 0 0 0 0 0 0 0 0 0 0 0 0 0 0 0 
100 0 35 21 0 0 13 0 0 10 0 0 0 0 0 0 0 0 0 0 0 0 0 0 0 0 
100 0 33 21 0 0 13 0 0 10 0 0 0 0 0 0 0 0 0 0 0 0 0 0 0 0 
100 0 32 21 0 0 13 0 0 10 0 0 0 0 0 0 0 0 0 0 0 0 0 0 0 0 
100 0 33 23 1 0 13 0 0 10 0 0 0 0 0 0 0 0 0 0 0 0 0 0 0 0 
100 0 33 29 1 0 13 0 0 10 0 0 0 0 0 0 0 0 0 0 0 0 0 0 0 0 
100 0 30 31 1 0 13 0 0 10 0 0 0 0 0 0 0 0 0 0 0 0 0 0 0 0 
100 0 28 31 1 0 13 0 0 10 0 0 0 0 0 0 0 0 0 0 0 0 0 0 0 0 
100 0 30 31 1 0 13 0 0 10 0 0 0 0 0 0 0 0 0 0 0 0 0 0 0 0 
100 0 30 31 1 0 13 0 0 10 0 0 0 0 0 0 0 0 0 0 0 0 0 0 0 0 
100 0 28 31 1 0 13 0 0 10 0 0 0 0 0 0 0 0 0 0 0 0 0 0 0 0 
100 0 27 31 1 0 13 0 0 10 0 0 0 0 0 0 0 0 0 0 0 0 0 0 0 0 
100 0 29 35 1 0 13 0 0 10 0 0 0 0 0 0 0 0 0 0 0 0 0 0 0 0 
100 0 29 35 1 0 13 0 0 10 0 0 0 0 0 0 0 0 0 0 0 0 0 0 0 0 
100 0 26 38 4 2 12 0 0 10 0 0 0 0 0 0 0 0 0 0 0 0 0 0 0 0 
100 0 31 36 5 2 12 0 0 10 0 0 0 0 0 0 0 0 0 0 0 0 0 0 0 0 
100 0 30 34 5 2 11 0 0 10 0 0 0 0 0 0 0 0 0 0 0 0 0 0 0 0 
100 0 30 32 5 7 8 0 0 10 0 0 0 0 0 0 0 0 0 0 0 0 0 0 0 0 
100 0 28 30 5 7 8 0 0 10 0 0 0 0 0 0 0 0 0 0 0 0 0 0 0 0 
100 0 28 28 9 7 8 0 0 8 0 0 0 0 0 0 0 0 0 0 0 0 0 0 0 0 
100 0 32 27 9 7 8 0 0 6 0 0 0 0 0 0 0 0 0 0 0 0 0 0 0 0 
100 0 31 26 9 7 8 0 0 6 0 0 0 0 0 0 0 0 0 0 0 0 0 0 0 0 
100 0 33 26 9 7 8 0 0 6 0 0 0 0 0 0 0 0 0 0 0 0 0 0 0 0 
100 0 30 29 9 7 9 0 0 6 0 0 0 0 0 0 0 0 0 0 0 0 0 0 0 0 
100 0 29 28 9 9 9 0 0 6 0 0 0 0 0 0 0 0 0 0 0 0 0 0 0 0 
100 0 29 27 9 9 9 0 0 6 0 0 0 0 0 0 0 0 0 0 0 0 0 0 0 0 
100 0 27 31 9 10 9 0 0 6 0 0 0 0 0 0 0 0 0 0 0 0 0 0 0 0 
100 0 31 30 9 10 9 0 0 5 0 0 0 0 0 0 0 0 0 0 0 0 0 0 0 0 
100 0 26 31 10 11 9 0 0 2 0 0 0 0 0 0 0 0 0 0 0 0 0 0 0 0 
100 0 23 34 13 11 11 0 0 2 0 0 0 0 0 0 0 0 0 0 0 0 0 0 0 0 
100 0 22 36 13 10 10 0 0 2 0 0 0 0 0 0 0 0 0 0 0 0 0 0 0 0 
100 0 20 33 13 13 9 0 0 2 0 0 0 0 0 0 0 0 0 0 0 0 0 0 0 0 
100 0 20 32 13 12 9 0 0 2 0 0 0 0 0 0 0 0 0 0 0 0 0 0 0 0 
100 0 18 31 13 14 11 0 1 2 0 0 0 0 0 0 0 0 0 0 0 0 0 0 0 0 
100 0 21 30 13 13 10 0 1 0 0 0 0 0 0 0 0 0 0 0 0 0 0 0 0 0 
100 0 21 30 13 11 9 0 1 0 0 0 0 0 0 0 0 0 0 0 0 0 0 0 0 0 
100 0 19 30 13 9 8 0 3 0 0 0 0 0 0 0 0 0 0 0 0 0 0 0 0 0 
100 0 18 30 16 8 7 2 3 0 0 0 0 0 0 0 0 0 0 0 0 0 0 0 0 0 
100 0 17 30 15 8 6 2 3 0 0 0 0 0 0 0 0 0 0 0 0 0 0 0 0 0 
100 0 17 30 14 8 6 2 3 0 0 0 0 0 0 0 0 0 0 0 0 0 0 0 0 0 
100 0 17 30 13 8 5 3 5 0 0 0 0 0 0 0 0 0 0 0 0 0 0 0 0 0 
100 0 17 30 13 8 5 3 5 0 0 0 0 0 0 0 0 0 0 0 0 0 0 0 0 0 
100 0 16 30 13 8 2 3 5 0 0 0 0 0 0 0 0 0 0 0 0 0 0 0 0 0 
100 0 16 30 13 7 1 3 8 0 0 0 0 0 0 0 0 0 0 0 0 0 0 0 0 0 
100 0 15 30 13 7 0 3 8 0 0 0 0 0 0 0 0 0 0 0 0 0 0 0 0 0 
100 0 14 30 13 7 0 3 8 0 0 0 0 0 0 0 0 0 0 0 0 0 0 0 0 0 
100 0 13 30 13 7 0 3 8 0 0 0 0 0 0 0 0 0 0 0 0 0 0 0 0 0 
100 0 16 30 14 7 0 3 8 0 0 0 0 0 0 0 0 0 0 0 0 0 0 0 0 0 
100 0 19 30 15 7 0 3 8 0 0 0 0 0 0 0 0 0 0 0 0 0 0 0 0 0 
100 0 20 29 15 7 0 3 8 0 0 0 0 0 0 0 0 0 0 0 0 0 0 0 0 0 
100 0 19 27 15 7 0 3 8 0 0 0 0 0 0 0 0 0 0 0 0 0 0 0 0 0 
100 0 18 26 18 7 1 4 8 0 0 0 0 0 0 0 0 0 0 0 0 0 0 0 0 0 
100 0 16 24 17 7 1 4 8 0 0 0 0 0 0 0 0 0 0 0 0 0 0 0 0 0 
100 0 13 26 16 7 1 4 8 0 0 0 0 0 0 0 0 0 0 0 0 0 0 0 0 0 
100 0 12 26 16 7 1 4 8 0 0 0 0 0 0 0 0 0 0 0 0 0 0 0 0 0 
100 0 10 26 16 7 0 4 8 0 0 0 0 0 0 0 0 0 0 0 0 0 0 0 0 0 
100 0 9 26 16 7 0 4 8 0 0 0 0 0 0 0 0 0 0 0 0 0 0 0 0 0 
100 0 7 27 16 7 0 4 8 0 0 0 0 0 0 0 0 0 0 0 0 0 0 0 0 0 
100 0 7 25 16 7 0 4 8 0 0 0 0 0 0 0 0 0 0 0 0 0 0 0 0 0 
100 0 7 25 16 7 0 4 8 0 0 0 0 0 0 0 0 0 0 0 0 0 0 0 0 0 
100 0 7 25 16 7 0 4 8 0 0 0 0 0 0 0 0 0 0 0 0 0 0 0 0 0 
100 0 7 25 16 7 0 4 8 0 0 0 0 0 0 0 0 0 0 0 0 0 0 0 0 0 
100 0 10 25 15 8 0 4 8 0 0 0 0 0 0 0 0 0 0 0 0 0 0 0 0 0 
100 0 13 25 14 8 0 3 8 0 0 0 0 0 0 0 0 0 0 0 0 0 0 0 0 0 
100 0 13 25 14 8 0 2 8 0 0 0 0 0 0 0 0 0 0 0 0 0 0 0 0 0 
100 0 15 25 13 8 0 1 11 0 0 0 0 0 0 0 0 0 0 0 0 0 0 0 0 0 
100 0 17 24 13 9 0 0 13 0 0 0 0 0 0 0 0 0 0 0 0 0 0 0 0 0 
100 0 15 23 13 9 0 0 13 0 0 0 0 0 0 0 0 0 0 0 0 0 0 0 0 0 
100 0 14 25 13 9 0 0 13 0 0 0 0 0 0 0 0 0 0 0 0 0 0 0 0 0 
100 0 11 27 15 9 0 0 13 0 0 0 0 0 0 0 0 0 0 0 0 0 0 0 0 0 
100 0 10 26 14 10 0 0 13 0 0 0 0 0 0 0 0 0 0 0 0 0 0 0 0 0 
100 0 10 23 13 11 0 0 13 0 0 0 0 0 0 0 0 0 0 0 0 0 0 0 0 0 
100 0 10 20 11 11 0 0 13 0 0 0 0 0 0 0 0 0 0 0 0 0 0 0 0 0 
100 0 10 16 10 14 0 0 14 0 0 0 0 0 0 0 0 0 0 0 0 0 0 0 0 0 
100 0 14 12 10 16 0 0 14 0 0 0 0 0 0 0 0 0 0 0 0 0 0 0 0 0 
100 0 14 12 10 16 0 0 14 0 0 0 0 0 0 0 0 0 0 0 0 0 0 0 0 0 
100 0 14 9 10 17 0 1 14 0 0 0 0 0 0 0 0 0 0 0 0 0 0 0 0 0 
100 0 14 8 10 15 0 1 14 0 0 0 0 0 0 0 0 0 0 0 0 0 0 0 0 0 
100 0 14 8 9 14 0 1 14 0 0 0 0 0 0 0 0 0 0 0 0 0 0 0 0 0 
100 0 11 7 10 12 0 4 14 0 0 0 0 0 0 0 0 0 0 0 0 0 0 0 0 0 
100 0 11 7 10 10 0 3 14 0 0 0 0 0 0 0 0 0 0 0 0 0 0 0 0 0 
100 0 11 7 10 9 0 3 14 0 0 0 0 0 0 0 0 0 0 0 0 0 0 0 0 0 
100 0 11 7 10 9 0 2 13 0 0 0 0 0 0 0 0 0 0 0 0 0 0 0 0 0 
100 0 9 9 12 12 1 2 13 0 0 0 0 0 0 0 0 0 0 0 0 0 0 0 0 0 
100 0 8 9 10 12 1 2 13 0 0 0 0 0 0 0 0 0 0 0 0 0 0 0 0 0 
100 0 7 8 10 12 1 2 13 0 0 0 0 0 0 0 0 0 0 0 0 0 0 0 0 0 
100 0 6 10 10 11 5 2 12 0 0 0 0 0 0 0 0 0 0 0 0 0 0 0 0 0 
100 0 4 8 9 10 5 2 11 0 0 0 0 0 0 0 0 0 0 0 0 0 0 0 0 0 
100 0 4 7 9 10 5 2 10 0 0 0 0 0 0 0 0 0 0 0 0 0 0 0 0 0 
100 0 6 5 10 16 5 2 9 0 0 0 0 0 0 0 0 0 0 0 0 0 0 0 0 0 
100 0 5 2 10 16 5 2 9 0 0 0 0 0 0 0 0 0 0 0 0 0 0 0 0 0 
100 0 4 1 10 15 5 2 9 0 0 0 0 0 0 0 0 0 0 0 0 0 0 0 0 0 
100 0 4 1 10 15 5 2 9 0 0 0 0 0 0 0 0 0 0 0 0 0 0 0 0 0 
100 0 3 1 13 13 7 2 9 0 0 0 0 0 0 0 0 0 0 0 0 0 0 0 0 0 
100 0 3 1 12 11 7 2 9 0 0 0 0 0 0 0 0 0 0 0 0 0 0 0 0 0 
100 0 3 1 12 9 9 2 9 0 0 0 0 0 0 0 0 0 0 0 0 0 0 0 0 0 
100 0 6 1 12 8 9 2 9 0 0 0 0 0 0 0 0 0 0 0 0 0 0 0 0 0 
100 0 6 1 10 7 7 2 11 0 0 0 0 0 0 0 0 0 0 0 0 0 0 0 0 0 
100 0 6 1 8 5 4 2 11 0 0 0 0 0 0 0 0 0 0 0 0 0 0 0 0 0 
100 0 6 1 8 3 0 4 12 1 1 0 0 0 0 0 0 0 0 0 0 0 0 0 0 0 
100 0 6 1 8 2 0 5 11 1 1 0 0 0 0 0 0 0 0 0 0 0 0 0 0 0 
100 0 5 1 8 1 0 4 10 1 1 0 0 0 0 0 0 0 0 0 0 0 0 0 0 0 
100 0 5 1 8 1 0 4 10 1 1 0 0 0 0 0 0 0 0 0 0 0 0 0 0 0 
100 0 5 0 8 1 0 3 10 1 3 0 0 0 0 0 0 0 0 0 0 0 0 0 0 0 
100 0 5 0 8 1 0 3 10 0 3 0 0 0 0 0 0 0 0 0 0 0 0 0 0 0 
100 0 5 0 8 1 0 3 10 0 3 0 0 0 0 0 0 0 0 0 0 0 0 0 0 0 
100 0 5 0 8 1 0 3 10 0 3 0 0 0 0 0 0 0 0 0 0 0 0 0 0 0 
100 0 5 0 7 1 0 3 10 0 3 0 0 0 0 0 0 0 0 0 0 0 0 0 0 0 
100 0 5 0 7 1 0 2 9 0 3 0 0 0 0 0 0 0 0 0 0 0 0 0 0 0 
100 0 5 0 7 1 0 2 7 0 3 0 0 0 0 0 0 0 0 0 0 0 0 0 0 0 
100 0 5 0 7 1 0 1 7 1 10 0 0 0 0 0 0 0 0 0 0 0 0 0 0 0 
100 0 5 0 7 1 0 1 5 1 12 0 0 0 0 0 0 0 0 0 0 0 0 0 0 0 
100 0 8 0 7 1 0 1 4 0 12 0 0 0 0 0 0 0 0 0 0 0 0 0 0 0 
100 0 8 0 7 1 0 1 2 0 12 0 0 0 0 0 0 0 0 0 0 0 0 0 0 0 
100 0 8 0 6 1 0 1 0 0 15 0 0 0 0 0 0 0 0 0 0 0 0 0 0 0 
100 0 8 0 6 1 0 1 0 0 15 0 0 0 0 0 0 0 0 0 0 0 0 0 0 0 
100 0 8 0 5 1 0 1 0 0 15 0 0 0 0 0 0 0 0 0 0 0 0 0 0 0 
100 0 8 0 5 1 0 1 0 0 15 0 0 0 0 0 0 0 0 0 0 0 0 0 0 0 
100 0 8 0 5 1 0 1 0 0 15 0 0 0 0 0 0 0 0 0 0 0 0 0 0 0 
100 0 8 0 5 1 0 1 0 0 15 0 0 0 0 0 0 0 0 0 0 0 0 0 0 0 
100 0 8 0 5 1 0 1 0 0 15 0 0 0 0 0 0 0 0 0 0 0 0 0 0 0 
100 0 8 0 5 1 0 1 0 0 15 0 0 0 0 0 0 0 0 0 0 0 0 0 0 0 
100 0 8 0 4 1 0 1 0 0 15 0 0 0 0 0 0 0 0 0 0 0 0 0 0 0 
100 0 8 0 4 1 0 1 0 0 15 0 0 0 0 0 0 0 0 0 0 0 0 0 0 0 
100 0 8 0 3 4 0 1 0 0 15 0 0 0 0 0 0 0 0 0 0 0 0 0 0 0 
100 0 8 0 2 4 0 1 0 0 15 0 0 0 0 0 0 0 0 0 0 0 0 0 0 0 
100 0 8 0 1 4 0 1 0 0 15 0 0 0 0 0 0 0 0 0 0 0 0 0 0 0 
100 0 8 0 1 4 0 1 0 0 15 0 0 0 0 0 0 0 0 0 0 0 0 0 0 0 
100 0 8 0 1 4 0 1 0 0 15 0 0 0 0 0 0 0 0 0 0 0 0 0 0 0 
100 0 8 0 1 4 0 1 0 0 15 0 0 0 0 0 0 0 0 0 0 0 0 0 0 0 
100 0 10 0 1 4 0 1 0 0 15 0 0 0 0 0 0 0 0 0 0 0 0 0 0 0 
100 0 10 0 1 4 0 1 0 0 15 0 0 0 0 0 0 0 0 0 0 0 0 0 0 0 
100 0 10 0 1 4 0 1 0 0 15 0 0 0 0 0 0 0 0 0 0 0 0 0 0 0 
100 0 10 0 1 4 0 1 0 0 15 0 0 0 0 0 0 0 0 0 0 0 0 0 0 0 
100 0 10 0 1 4 0 1 0 0 15 0 0 0 0 0 0 0 0 0 0 0 0 0 0 0 
100 0 10 0 1 4 0 1 0 0 15 0 0 0 0 0 0 0 0 0 0 0 0 0 0 0 
100 0 10 0 1 4 0 1 0 0 15 0 0 0 0 0 0 0 0 0 0 0 0 0 0 0 
100 0 10 0 1 4 0 1 0 0 15 0 0 0 0 0 0 0 0 0 0 0 0 0 0 0 
100 0 10 0 0 4 0 1 0 0 15 0 0 0 0 0 0 0 0 0 0 0 0 0 0 0 
100 0 10 0 0 4 0 1 0 0 15 0 0 0 0 0 0 0 0 0 0 0 0 0 0 0 
100 0 10 0 0 4 0 1 0 0 15 0 0 0 0 0 0 0 0 0 0 0 0 0 0 0 
100 0 11 1 0 4 0 1 0 0 15 0 0 0 0 0 0 0 0 0 0 0 0 0 0 0 
100 0 10 1 0 4 0 1 0 0 15 0 0 0 0 0 0 0 0 0 0 0 0 0 0 0 
100 0 9 1 0 4 0 1 0 0 15 0 0 0 0 0 0 0 0 0 0 0 0 0 0 0 
100 0 9 1 0 4 0 1 0 0 15 0 0 0 0 0 0 0 0 0 0 0 0 0 0 0 
100 0 9 1 0 4 0 1 0 0 15 0 0 0 0 0 0 0 0 0 0 0 0 0 0 0 
100 0 9 1 0 4 0 0 0 0 15 0 0 0 0 0 0 0 0 0 0 0 0 0 0 0 
100 0 9 1 0 4 0 0 0 0 15 0 0 0 0 0 0 0 0 0 0 0 0 0 0 0 
100 0 12 1 0 4 0 0 0 0 15 0 0 0 0 0 0 0 0 0 0 0 0 0 0 0 
100 0 16 1 0 4 0 0 0 0 15 0 0 0 0 0 0 0 0 0 0 0 0 0 0 0 
100 0 15 3 0 4 1 0 0 0 15 0 0 0 0 0 0 0 0 0 0 0 0 0 0 0 
100 0 18 3 0 4 1 0 0 0 15 0 0 0 0 0 0 0 0 0 0 0 0 0 0 0 
100 0 19 3 0 4 1 0 0 0 15 0 0 0 0 0 0 0 0 0 0 0 0 0 0 0 
100 0 20 2 0 5 1 1 0 0 15 0 0 0 0 0 0 0 0 0 0 0 0 0 0 0 
100 0 20 1 0 3 1 1 0 0 15 0 0 0 0 0 0 0 0 0 0 0 0 0 0 0 
100 0 20 1 0 3 0 1 0 0 15 0 0 0 0 0 0 0 0 0 0 0 0 0 0 0 
100 0 19 1 0 2 0 3 0 0 15 0 0 0 0 0 0 0 0 0 0 0 0 0 0 0 
100 0 22 2 0 1 0 3 0 0 15 0 0 0 0 0 0 0 0 0 0 0 0 0 0 0 
100 0 20 2 0 1 0 3 0 0 10 0 0 0 0 0 0 0 0 0 0 0 0 0 0 0 
100 0 19 1 0 1 0 3 0 0 9 0 0 0 0 0 0 0 0 0 0 0 0 0 0 0 
100 0 18 3 0 1 0 3 0 0 9 0 0 0 0 0 0 0 0 0 0 0 0 0 0 0 
100 0 18 3 0 1 0 3 0 0 5 0 0 0 0 0 0 0 0 0 0 0 0 0 0 0 
100 0 21 3 0 1 0 3 0 0 1 0 0 0 0 0 0 0 0 0 0 0 0 0 0 0 
100 0 20 3 0 1 0 3 0 0 0 0 0 0 0 0 0 0 0 0 0 0 0 0 0 0 
100 0 20 3 0 1 0 3 0 0 0 0 0 0 0 0 0 0 0 0 0 0 0 0 0 0 
100 0 20 3 0 1 0 3 0 0 0 0 0 0 0 0 0 0 0 0 0 0 0 0 0 0 
100 0 22 3 0 1 0 3 0 0 0 0 0 0 0 0 0 0 0 0 0 0 0 0 0 0 
100 0 23 3 0 1 0 3 0 0 0 0 0 0 0 0 0 0 0 0 0 0 0 0 0 0 
100 0 25 3 0 1 0 3 0 0 0 0 0 0 0 0 0 0 0 0 0 0 0 0 0 0 
100 0 24 3 0 1 0 3 0 0 0 0 0 0 0 0 0 0 0 0 0 0 0 0 0 0 
100 0 23 7 0 1 0 3 0 0 0 0 0 0 0 0 0 0 0 0 0 0 0 0 0 0 
100 0 23 7 0 1 0 3 0 0 0 0 0 0 0 0 0 0 0 0 0 0 0 0 0 0 
100 0 22 7 0 1 0 3 0 0 0 0 0 0 0 0 0 0 0 0 0 0 0 0 0 0 
100 0 22 7 0 1 0 3 0 0 0 0 0 0 0 0 0 0 0 0 0 0 0 0 0 0 
100 0 26 7 0 1 0 3 0 0 0 0 0 0 0 0 0 0 0 0 0 0 0 0 0 0 
100 0 26 7 0 1 0 3 0 0 0 0 0 0 0 0 0 0 0 0 0 0 0 0 0 0 
100 0 28 7 0 1 0 3 0 0 0 0 0 0 0 0 0 0 0 0 0 0 0 0 0 0 
100 0 28 6 0 1 0 3 0 0 0 0 0 0 0 0 0 0 0 0 0 0 0 0 0 0 
100 0 31 6 0 1 0 3 0 0 0 0 0 0 0 0 0 0 0 0 0 0 0 0 0 0 
100 0 31 6 0 0 0 3 0 0 0 0 0 0 0 0 0 0 0 0 0 0 0 0 0 0 
100 0 30 10 0 0 0 3 0 0 0 0 0 0 0 0 0 0 0 0 0 0 0 0 0 0 
100 0 31 12 0 0 0 3 0 0 0 0 0 0 0 0 0 0 0 0 0 0 0 0 0 0 
100 0 31 12 0 0 0 3 0 0 0 0 0 0 0 0 0 0 0 0 0 0 0 0 0 0 
100 0 31 12 0 0 0 3 0 0 0 0 0 0 0 0 0 0 0 0 0 0 0 0 0 0 
100 0 31 12 0 0 0 3 0 0 0 0 0 0 0 0 0 0 0 0 0 0 0 0 0 0 
100 0 31 12 0 0 0 3 0 0 0 0 0 0 0 0 0 0 0 0 0 0 0 0 0 0 
100 0 31 12 0 0 0 3 0 0 0 0 0 0 0 0 0 0 0 0 0 0 0 0 0 0 
100 0 34 12 1 0 0 3 0 0 0 0 0 0 0 0 0 0 0 0 0 0 0 0 0 0 
100 0 33 12 1 0 0 3 0 0 0 0 0 0 0 0 0 0 0 0 0 0 0 0 0 0 
100 0 38 12 1 0 0 3 0 0 0 0 0 0 0 0 0 0 0 0 0 0 0 0 0 0 
100 0 37 12 1 0 0 3 0 0 0 0 0 0 0 0 0 0 0 0 0 0 0 0 0 0 
100 0 39 12 1 0 0 3 0 0 0 0 0 0 0 0 0 0 0 0 0 0 0 0 0 0 
100 0 39 12 1 0 0 3 0 0 0 0 0 0 0 0 0 0 0 0 0 0 0 0 0 0 
100 0 39 12 1 0 0 3 0 0 0 0 0 0 0 0 0 0 0 0 0 0 0 0 0 0 
100 0 39 12 1 0 0 3 0 0 0 0 0 0 0 0 0 0 0 0 0 0 0 0 0 0 
100 0 39 12 1 0 0 3 0 0 0 0 0 0 0 0 0 0 0 0 0 0 0 0 0 0 
100 0 39 12 1 0 0 3 0 0 0 0 0 0 0 0 0 0 0 0 0 0 0 0 0 0 
100 0 42 12 1 0 0 3 0 0 0 0 0 0 0 0 0 0 0 0 0 0 0 0 0 0 
100 0 42 12 1 0 0 3 0 0 0 0 0 0 0 0 0 0 0 0 0 0 0 0 0 0 
100 0 45 12 2 0 0 3 0 0 0 0 0 0 0 0 0 0 0 0 0 0 0 0 0 0 
100 0 44 12 2 0 0 3 0 0 0 0 0 0 0 0 0 0 0 0 0 0 0 0 0 0 
100 0 46 13 2 0 0 3 0 0 0 0 0 0 0 0 0 0 0 0 0 0 0 0 0 0 
100 0 44 13 5 0 1 3 0 0 0 0 0 0 0 0 0 0 0 0 0 0 0 0 0 0 
100 0 47 13 4 0 1 3 0 0 0 0 0 0 0 0 0 0 0 0 0 0 0 0 0 0 
100 0 46 14 3 1 1 2 0 0 0 0 0 0 0 0 0 0 0 0 0 0 0 0 0 0 
100 0 46 13 3 1 1 1 0 0 0 0 0 0 0 0 0 0 0 0 0 0 0 0 0 0 
100 0 46 13 3 1 1 1 0 0 0 0 0 0 0 0 0 0 0 0 0 0 0 0 0 0 
100 0 46 11 3 1 1 1 0 0 0 0 0 0 0 0 0 0 0 0 0 0 0 0 0 0 
100 0 53 9 3 1 1 1 0 0 0 0 0 0 0 0 0 0 0 0 0 0 0 0 0 0 
100 0 52 9 2 1 3 1 0 0 0 0 0 0 0 0 0 0 0 0 0 0 0 0 0 0 
100 0 51 9 6 1 3 1 0 0 0 0 0 0 0 0 0 0 0 0 0 0 0 0 0 0 
100 0 53 9 6 1 3 1 0 0 0 0 0 0 0 0 0 0 0 0 0 0 0 0 0 0 
100 0 53 9 6 1 3 1 0 0 0 0 0 0 0 0 0 0 0 0 0 0 0 0 0 0 
100 0 55 9 6 1 3 1 0 0 0 0 0 0 0 0 0 0 0 0 0 0 0 0 0 0 
100 0 56 9 6 1 3 1 0 0 0 0 0 0 0 0 0 0 0 0 0 0 0 0 0 0 
100 0 55 9 6 1 3 1 0 0 0 0 0 0 0 0 0 0 0 0 0 0 0 0 0 0 
100 0 58 9 7 1 3 1 0 0 0 0 0 0 0 0 0 0 0 0 0 0 0 0 0 0 
100 0 56 9 9 1 3 1 0 0 0 0 0 0 0 0 0 0 0 0 0 0 0 0 0 0 
100 0 57 9 9 1 3 1 0 0 0 0 0 0 0 0 0 0 0 0 0 0 0 0 0 0 
100 0 58 9 13 1 3 1 0 0 0 0 0 0 0 0 0 0 0 0 0 0 0 0 0 0 
100 0 59 9 14 0 3 1 0 0 0 0 0 0 0 0 0 0 0 0 0 0 0 0 0 0 
100 0 59 9 14 1 3 1 0 0 0 0 0 0 0 0 0 0 0 0 0 0 0 0 0 0 
100 0 57 11 17 2 3 1 0 0 0 0 0 0 0 0 0 0 0 0 0 0 0 0 0 0 
100 0 56 11 15 3 3 1 0 0 0 0 0 0 0 0 0 0 0 0 0 0 0 0 0 0 
100 0 55 11 17 4 3 1 0 0 0 0 0 0 0 0 0 0 0 0 0 0 0 0 0 0 
100 0 55 11 15 6 3 1 0 0 0 0 0 0 0 0 0 0 0 0 0 0 0 0 0 0 
100 0 53 11 17 6 5 1 0 0 0 0 0 0 0 0 0 0 0 0 0 0 0 0 0 0 
100 0 54 15 15 5 6 1 0 0 0 0 0 0 0 0 0 0 0 0 0 0 0 0 0 0 
100 0 52 14 17 6 7 0 0 0 0 0 0 0 0 0 0 0 0 0 0 0 0 0 0 0 
100 0 50 10 15 6 7 0 0 0 0 0 0 0 0 0 0 0 0 0 0 0 0 0 0 0 
100 0 49 7 16 6 7 0 0 0 0 0 0 0 0 0 0 0 0 0 0 0 0 0 0 0 
100 0 48 7 17 5 11 0 0 0 0 0 0 0 0 0 0 0 0 0 0 0 0 0 0 0 
100 0 50 7 17 5 11 0 0 0 0 0 0 0 0 0 0 0 0 0 0 0 0 0 0 0 
100 0 50 8 17 5 11 0 0 0 0 0 0 0 0 0 0 0 0 0 0 0 0 0 0 0 
100 0 51 8 16 5 11 0 0 0 0 0 0 0 0 0 0 0 0 0 0 0 0 0 0 0 
100 0 49 8 15 10 11 1 0 0 0 0 0 0 0 0 0 0 0 0 0 0 0 0 0 0 
100 0 48 8 18 9 11 1 0 0 0 0 0 0 0 0 0 0 0 0 0 0 0 0 0 0 
100 0 50 8 18 8 11 1 0 0 0 0 0 0 0 0 0 0 0 0 0 0 0 0 0 0 
100 0 48 8 17 8 11 1 0 0 0 0 0 0 0 0 0 0 0 0 0 0 0 0 0 0 
100 0 50 8 16 8 11 1 0 0 0 0 0 0 0 0 0 0 0 0 0 0 0 0 0 0 
100 0 48 7 17 7 11 5 0 0 0 0 0 0 0 0 0 0 0 0 0 0 0 0 0 0 
100 0 45 11 14 7 14 5 0 0 0 0 0 0 0 0 0 0 0 0 0 0 0 0 0 0 
100 0 44 11 12 7 15 5 1 0 0 0 0 0 0 0 0 0 0 0 0 0 0 0 0 0 
100 0 48 11 12 7 14 5 1 0 0 0 0 0 0 0 0 0 0 0 0 0 0 0 0 0 
100 0 47 11 11 4 13 5 1 0 0 0 0 0 0 0 0 0 0 0 0 0 0 0 0 0 
100 0 47 11 11 4 12 5 4 0 0 0 0 0 0 0 0 0 0 0 0 0 0 0 0 0 
100 0 47 11 11 3 10 5 4 0 0 0 0 0 0 0 0 0 0 0 0 0 0 0 0 0 
100 0 47 11 10 3 9 5 4 0 0 0 0 0 0 0 0 0 0 0 0 0 0 0 0 0 
100 0 47 11 10 2 9 5 4 0 0 0 0 0 0 0 0 0 0 0 0 0 0 0 0 0 
100 0 47 11 10 2 9 5 4 0 0 0 0 0 0 0 0 0 0 0 0 0 0 0 0 0 
100 0 46 11 10 2 9 5 4 0 0 0 0 0 0 0 0 0 0 0 0 0 0 0 0 0 
100 0 46 11 10 2 9 5 4 0 0 0 0 0 0 0 0 0 0 0 0 0 0 0 0 0 
100 0 47 11 10 2 9 5 4 0 0 0 0 0 0 0 0 0 0 0 0 0 0 0 0 0 
100 0 46 11 10 2 9 5 4 0 0 0 0 0 0 0 0 0 0 0 0 0 0 0 0 0 
100 0 45 11 10 2 9 5 4 0 0 0 0 0 0 0 0 0 0 0 0 0 0 0 0 0 
100 0 44 11 10 2 7 5 4 0 0 0 0 0 0 0 0 0 0 0 0 0 0 0 0 0 
100 0 42 11 9 2 10 5 4 0 0 0 0 0 0 0 0 0 0 0 0 0 0 0 0 0 
100 0 42 11 8 2 10 5 4 0 0 0 0 0 0 0 0 0 0 0 0 0 0 0 0 0 
100 0 42 11 8 2 8 5 13 0 0 0 0 0 0 0 0 0 0 0 0 0 0 0 0 0 
100 0 41 11 8 2 7 5 13 0 0 0 0 0 0 0 0 0 0 0 0 0 0 0 0 0 
100 0 41 11 8 2 6 5 13 0 0 0 0 0 0 0 0 0 0 0 0 0 0 0 0 0 
100 0 41 11 8 2 6 5 13 0 0 0 0 0 0 0 0 0 0 0 0 0 0 0 0 0 
100 0 44 11 7 5 6 5 13 0 0 0 0 0 0 0 0 0 0 0 0 0 0 0 0 0 
100 0 44 11 7 2 6 5 13 0 0 0 0 0 0 0 0 0 0 0 0 0 0 0 0 0 
100 0 44 11 7 2 6 5 13 0 0 0 0 0 0 0 0 0 0 0 0 0 0 0 0 0 
100 0 43 11 7 2 6 5 13 0 0 0 0 0 0 0 0 0 0 0 0 0 0 0 0 0 
100 0 41 12 6 1 9 5 13 0 0 0 0 0 0 0 0 0 0 0 0 0 0 0 0 0 
100 0 38 12 6 1 6 9 13 0 0 0 0 0 0 0 0 0 0 0 0 0 0 0 0 0 
100 0 35 17 6 1 5 9 13 0 0 0 0 0 0 0 0 0 0 0 0 0 0 0 0 0 
100 0 27 19 6 1 2 9 18 0 0 0 0 0 0 0 0 0 0 0 0 0 0 0 0 0 
100 0 23 21 7 1 1 8 18 0 0 0 0 0 0 0 0 0 0 0 0 0 0 0 0 0 
100 0 23 26 7 1 1 5 18 0 0 0 0 0 0 0 0 0 0 0 0 0 0 0 0 0 
100 0 21 25 9 1 4 4 19 0 0 0 0 0 0 0 0 0 0 0 0 0 0 0 0 0 
100 0 21 25 7 1 4 2 20 1 0 0 0 0 0 0 0 0 0 0 0 0 0 0 0 0 
100 0 21 23 8 1 4 2 19 1 0 0 0 0 0 0 0 0 0 0 0 0 0 0 0 0 
100 0 21 22 8 1 4 2 18 1 0 0 0 0 0 0 0 0 0 0 0 0 0 0 0 0 
100 0 19 21 8 0 4 2 18 1 0 0 0 0 0 0 0 0 0 0 0 0 0 0 0 0 
100 0 20 22 8 0 4 2 18 1 0 0 0 0 0 0 0 0 0 0 0 0 0 0 0 0 
100 0 17 21 8 0 4 2 18 1 0 0 0 0 0 0 0 0 0 0 0 0 0 0 0 0 
100 0 15 25 8 0 4 2 18 1 0 0 0 0 0 0 0 0 0 0 0 0 0 0 0 0 
100 0 18 26 7 0 7 2 18 1 0 0 0 0 0 0 0 0 0 0 0 0 0 0 0 0 
100 0 16 28 7 0 7 1 18 1 0 0 0 0 0 0 0 0 0 0 0 0 0 0 0 0 
100 0 13 27 9 0 7 1 17 4 0 0 0 0 0 0 0 0 0 0 0 0 0 0 0 0 
100 0 9 30 9 0 8 1 17 4 0 0 0 0 0 0 0 0 0 0 0 0 0 0 0 0 
100 0 10 27 12 1 8 1 17 4 0 0 0 0 0 0 0 0 0 0 0 0 0 0 0 0 
100 0 9 26 12 1 8 1 17 4 0 0 0 0 0 0 0 0 0 0 0 0 0 0 0 0 
100 0 9 26 12 1 8 1 16 4 0 0 0 0 0 0 0 0 0 0 0 0 0 0 0 0 
100 0 7 26 12 1 8 1 15 4 0 0 0 0 0 0 0 0 0 0 0 0 0 0 0 0 
100 0 10 25 12 1 8 1 15 4 0 0 0 0 0 0 0 0 0 0 0 0 0 0 0 0 
100 0 10 25 12 1 8 0 15 4 0 0 0 0 0 0 0 0 0 0 0 0 0 0 0 0 
100 0 10 25 12 1 8 0 15 4 0 0 0 0 0 0 0 0 0 0 0 0 0 0 0 0 
100 0 10 25 12 1 8 0 15 4 0 0 0 0 0 0 0 0 0 0 0 0 0 0 0 0 
100 0 10 25 12 1 8 0 15 4 0 0 0 0 0 0 0 0 0 0 0 0 0 0 0 0 
100 0 9 25 12 1 8 0 13 6 0 0 1 0 0 0 0 0 0 0 0 0 0 0 0 0 
100 0 9 25 12 1 7 0 13 6 0 0 1 0 0 0 0 0 0 0 0 0 0 0 0 0 
100 0 9 25 12 1 7 0 13 6 0 0 1 0 0 0 0 0 0 0 0 0 0 0 0 0 
100 0 9 25 12 1 5 0 15 6 0 0 1 0 0 0 0 0 0 0 0 0 0 0 0 0 
100 0 9 25 11 1 4 0 15 6 0 0 1 0 0 0 0 0 0 0 0 0 0 0 0 0 
100 0 9 25 11 1 4 0 15 6 0 0 1 0 0 0 0 0 0 0 0 0 0 0 0 0 
100 0 8 25 10 1 4 0 15 6 0 0 1 0 0 0 0 0 0 0 0 0 0 0 0 0 
100 0 12 25 10 1 4 0 15 6 0 0 1 0 0 0 0 0 0 0 0 0 0 0 0 0 
100 0 14 32 9 1 8 0 15 6 0 0 1 0 0 0 0 0 0 0 0 0 0 0 0 0 
100 0 13 31 8 1 6 0 14 6 0 0 1 0 0 0 0 0 0 0 0 0 0 0 0 0 
100 0 12 31 7 1 5 0 15 6 0 0 1 0 0 0 0 0 0 0 0 0 0 0 0 0 
100 0 12 31 7 1 4 0 13 6 0 0 1 0 0 0 0 0 0 0 0 0 0 0 0 0 
100 0 10 30 7 1 3 0 11 8 0 0 1 0 0 0 0 0 0 0 0 0 0 0 0 0 
100 0 10 30 7 1 3 0 6 10 0 0 1 0 0 0 0 0 0 0 0 0 0 0 0 0 
100 0 9 30 7 1 3 0 6 10 0 0 1 0 0 0 0 0 0 0 0 0 0 0 0 0 
100 0 8 30 7 1 3 0 6 10 0 0 1 0 0 0 0 0 0 0 0 0 0 0 0 0 
100 0 8 30 7 1 3 0 6 10 0 0 1 0 0 0 0 0 0 0 0 0 0 0 0 0 
100 0 6 29 7 1 3 0 6 10 0 0 1 0 0 0 0 0 0 0 0 0 0 0 0 0 
100 0 6 27 8 2 3 0 6 10 0 0 1 0 0 0 0 0 0 0 0 0 0 0 0 0 
100 0 5 27 9 2 3 0 6 10 0 0 1 0 0 0 0 0 0 0 0 0 0 0 0 0 
100 0 4 28 9 2 8 0 6 10 0 0 1 0 0 0 0 0 0 0 0 0 0 0 0 0 
100 0 3 26 7 3 4 0 6 10 0 0 1 0 0 0 0 0 0 0 0 0 0 0 0 0 
100 0 3 23 6 5 2 1 13 10 0 0 1 0 0 0 0 0 0 0 0 0 0 0 0 0 
100 0 2 21 6 3 1 1 9 12 0 0 1 0 0 0 0 0 0 0 0 0 0 0 0 0 
100 0 1 21 5 2 0 1 9 12 0 0 1 0 0 0 0 0 0 0 0 0 0 0 0 0 
100 0 1 20 5 2 0 1 8 12 0 0 1 0 0 0 0 0 0 0 0 0 0 0 0 0 
100 0 1 17 4 4 0 6 4 14 0 0 1 0 0 0 0 0 0 0 0 0 0 0 0 0 
100 0 1 17 4 2 0 6 1 18 0 0 1 0 0 0 0 0 0 0 0 0 0 0 0 0 
100 0 1 17 3 2 0 6 0 21 0 0 1 0 0 0 0 0 0 0 0 0 0 0 0 0 
100 0 3 17 3 1 0 5 0 21 0 0 1 0 0 0 0 0 0 0 0 0 0 0 0 0 
100 0 3 17 3 1 0 5 0 21 0 0 1 0 0 0 0 0 0 0 0 0 0 0 0 0 
100 0 3 17 3 1 0 4 0 24 0 0 1 0 0 0 0 0 0 0 0 0 0 0 0 0 
100 0 3 17 3 1 0 4 0 24 0 0 1 0 0 0 0 0 0 0 0 0 0 0 0 0 
100 0 3 17 3 1 0 4 0 24 0 0 1 0 0 0 0 0 0 0 0 0 0 0 0 0 
100 0 3 17 3 1 0 4 0 24 0 0 1 0 0 0 0 0 0 0 0 0 0 0 0 0 
100 0 2 18 4 2 0 4 0 24 0 0 1 0 0 0 0 0 0 0 0 0 0 0 0 0 
100 0 2 16 4 2 0 4 0 24 0 0 1 0 0 0 0 0 0 0 0 0 0 0 0 0 
100 0 2 13 4 2 0 4 0 24 0 0 1 0 0 0 0 0 0 0 0 0 0 0 0 0 
100 0 2 10 4 2 0 4 0 24 0 0 1 0 0 0 0 0 0 0 0 0 0 0 0 0 
100 0 2 9 4 2 0 4 0 24 0 0 1 0 0 0 0 0 0 0 0 0 0 0 0 0 
100 0 2 9 4 2 0 4 0 24 0 0 1 0 0 0 0 0 0 0 0 0 0 0 0 0 
100 0 2 9 4 2 0 4 0 24 0 0 1 0 0 0 0 0 0 0 0 0 0 0 0 0 
100 0 2 9 4 2 0 4 0 24 0 0 1 0 0 0 0 0 0 0 0 0 0 0 0 0 
100 0 2 9 4 2 0 4 0 24 0 0 1 0 0 0 0 0 0 0 0 0 0 0 0 0 
100 0 2 9 4 1 0 4 0 24 0 0 1 0 0 0 0 0 0 0 0 0 0 0 0 0 
100 0 2 9 4 1 0 4 0 24 0 0 1 0 0 0 0 0 0 0 0 0 0 0 0 0 
100 0 2 9 4 1 0 4 0 24 0 0 1 0 0 0 0 0 0 0 0 0 0 0 0 0 
100 0 1 9 7 1 0 4 0 24 0 0 1 0 0 0 0 0 0 0 0 0 0 0 0 0 
100 0 0 9 7 1 0 4 0 24 0 0 1 0 0 0 0 0 0 0 0 0 0 0 0 0 
100 0 0 9 7 1 0 4 0 24 0 0 1 0 0 0 0 0 0 0 0 0 0 0 0 0 
100 0 0 9 7 1 0 4 0 24 0 0 1 0 0 0 0 0 0 0 0 0 0 0 0 0 
100 0 0 8 11 1 0 4 0 24 0 0 1 0 0 0 0 0 0 0 0 0 0 0 0 0 
100 0 0 8 11 1 0 4 0 24 0 0 1 0 0 0 0 0 0 0 0 0 0 0 0 0 
100 0 0 8 11 1 0 4 0 24 0 0 1 0 0 0 0 0 0 0 0 0 0 0 0 0 
100 0 0 8 11 1 0 4 0 24 0 0 1 0 0 0 0 0 0 0 0 0 0 0 0 0 
100 0 0 8 11 1 0 4 0 23 0 0 1 0 0 0 0 0 0 0 0 0 0 0 0 0 
100 0 0 8 11 1 0 4 0 23 0 0 0 0 0 0 0 0 0 0 0 0 0 0 0 0 
100 0 0 8 11 1 0 4 0 23 0 0 0 0 0 0 0 0 0 0 0 0 0 0 0 0 
100 0 0 8 11 1 0 4 0 23 0 0 0 0 0 0 0 0 0 0 0 0 0 0 0 0 
100 0 0 8 11 1 0 4 0 23 0 0 0 0 0 0 0 0 0 0 0 0 0 0 0 0 
100 0 0 7 11 1 0 4 0 23 0 0 0 0 0 0 0 0 0 0 0 0 0 0 0 0 
100 0 0 7 10 1 0 4 0 23 0 0 0 0 0 0 0 0 0 0 0 0 0 0 0 0 
100 0 0 5 10 1 0 4 0 23 0 0 0 0 0 0 0 0 0 0 0 0 0 0 0 0 
100 0 0 3 12 1 0 4 0 23 0 0 0 0 0 0 0 0 0 0 0 0 0 0 0 0 
100 0 0 1 12 1 0 4 0 23 0 0 0 0 0 0 0 0 0 0 0 0 0 0 0 0 
100 0 0 1 11 1 0 4 0 23 0 0 0 0 0 0 0 0 0 0 0 0 0 0 0 0 
100 0 0 0 11 1 0 4 0 23 0 0 0 0 0 0 0 0 0 0 0 0 0 0 0 0 
100 0 0 0 10 2 1 3 0 23 0 0 0 0 0 0 0 0 0 0 0 0 0 0 0 0 
100 0 0 0 10 1 1 2 0 23 0 0 0 0 0 0 0 0 0 0 0 0 0 0 0 0 
100 0 0 0 10 1 1 1 0 25 0 0 0 0 0 0 0 0 0 0 0 0 0 0 0 0 
100 0 0 0 9 0 1 0 0 24 0 0 0 0 0 0 0 0 0 0 0 0 0 0 0 0 
100 0 0 0 9 0 1 0 0 24 0 0 0 0 0 0 0 0 0 0 0 0 0 0 0 0 
100 0 0 0 9 0 1 0 0 24 0 0 0 0 0 0 0 0 0 0 0 0 0 0 0 0 
100 0 0 0 9 0 1 0 0 24 0 0 0 0 0 0 0 0 0 0 0 0 0 0 0 0 
100 0 0 0 9 0 1 0 0 24 0 0 0 0 0 0 0 0 0 0 0 0 0 0 0 0 
100 0 0 0 9 0 1 0 0 24 0 0 0 0 0 0 0 0 0 0 0 0 0 0 0 0 
100 0 0 0 9 0 1 0 0 24 0 0 0 0 0 0 0 0 0 0 0 0 0 0 0 0 
100 0 0 0 9 0 1 0 0 24 0 0 0 0 0 0 0 0 0 0 0 0 0 0 0 0 
100 0 0 0 9 0 1 0 0 24 0 0 0 0 0 0 0 0 0 0 0 0 0 0 0 0 
100 0 0 0 9 0 1 0 0 24 0 0 0 0 0 0 0 0 0 0 0 0 0 0 0 0 
100 0 0 0 9 0 1 0 0 24 0 0 0 0 0 0 0 0 0 0 0 0 0 0 0 0 
100 0 0 0 9 0 1 0 0 22 0 0 0 0 0 0 0 0 0 0 0 0 0 0 0 0 
100 0 0 0 9 0 1 0 0 19 0 0 0 0 0 0 0 0 0 0 0 0 0 0 0 0 
100 0 0 0 9 0 1 0 0 16 0 0 0 0 0 0 0 0 0 0 0 0 0 0 0 0 
100 0 0 0 9 0 1 0 0 12 0 0 0 0 0 0 0 0 0 0 0 0 0 0 0 0 
100 0 0 0 8 0 2 0 0 10 0 0 0 0 0 0 0 0 0 0 0 0 0 0 0 0 
100 0 0 0 7 0 2 0 0 10 0 0 0 0 0 0 0 0 0 0 0 0 0 0 0 0 
100 0 0 0 7 0 2 0 0 9 0 0 0 0 0 0 0 0 0 0 0 0 0 0 0 0 
100 0 0 0 5 0 2 0 0 6 0 0 0 0 0 0 0 0 0 0 0 0 0 0 0 0 
100 0 0 0 4 0 2 0 0 4 0 0 0 0 0 0 0 0 0 0 0 0 0 0 0 0 
100 0 0 0 4 0 2 0 0 4 0 0 0 0 0 0 0 0 0 0 0 0 0 0 0 0 
100 0 0 0 3 0 5 0 0 4 0 0 0 0 0 0 0 0 0 0 0 0 0 0 0 0 
100 0 0 0 2 0 5 0 0 4 0 0 0 0 0 0 0 0 0 0 0 0 0 0 0 0 
100 0 0 0 2 0 5 0 0 4 0 0 0 0 0 0 0 0 0 0 0 0 0 0 0 0 
100 0 0 0 1 0 5 0 0 4 0 0 0 0 0 0 0 0 0 0 0 0 0 0 0 0 
100 0 0 0 1 0 5 0 0 4 0 0 0 0 0 0 0 0 0 0 0 0 0 0 0 0 
100 0 0 0 0 0 6 0 0 4 0 0 0 0 0 0 0 0 0 0 0 0 0 0 0 0 
100 0 0 0 0 0 6 0 0 4 0 0 0 0 0 0 0 0 0 0 0 0 0 0 0 0 
100 0 0 0 0 0 6 0 0 4 0 0 0 0 0 0 0 0 0 0 0 0 0 0 0 0 
100 0 0 0 0 0 6 0 0 4 0 0 0 0 0 0 0 0 0 0 0 0 0 0 0 0 
100 0 0 0 0 0 6 0 0 4 0 0 0 0 0 0 0 0 0 0 0 0 0 0 0 0 
100 0 0 0 0 0 6 0 0 4 0 0 0 0 0 0 0 0 0 0 0 0 0 0 0 0 
100 0 0 0 0 0 6 0 0 4 0 0 0 0 0 0 0 0 0 0 0 0 0 0 0 0 
100 0 0 0 0 0 6 0 0 4 0 0 0 0 0 0 0 0 0 0 0 0 0 0 0 0 
100 0 0 0 0 0 6 0 0 4 0 0 0 0 0 0 0 0 0 0 0 0 0 0 0 0 
100 0 0 0 0 0 6 0 0 4 0 0 0 0 0 0 0 0 0 0 0 0 0 0 0 0 
100 0 0 0 0 0 6 0 0 4 0 0 0 0 0 0 0 0 0 0 0 0 0 0 0 0 
100 0 0 0 0 0 6 0 0 4 0 0 0 0 0 0 0 0 0 0 0 0 0 0 0 0 
100 0 0 0 0 0 6 0 0 4 0 0 0 0 0 0 0 0 0 0 0 0 0 0 0 0 
100 0 0 0 0 0 6 0 0 4 0 0 0 0 0 0 0 0 0 0 0 0 0 0 0 0 
100 0 0 0 0 0 6 0 0 4 0 0 0 0 0 0 0 0 0 0 0 0 0 0 0 0 
100 0 0 0 0 0 6 0 0 4 0 0 0 0 0 0 0 0 0 0 0 0 0 0 0 0 
100 0 0 0 0 0 6 0 0 4 0 0 0 0 0 0 0 0 0 0 0 0 0 0 0 0 
100 0 0 0 0 0 6 0 0 4 0 0 0 0 0 0 0 0 0 0 0 0 0 0 0 0 
100 0 0 0 0 0 6 0 0 4 0 0 0 0 0 0 0 0 0 0 0 0 0 0 0 0 
100 0 0 0 0 0 6 0 0 4 0 0 0 0 0 0 0 0 0 0 0 0 0 0 0 0 
100 0 0 0 0 0 6 0 0 4 0 0 0 0 0 0 0 0 0 0 0 0 0 0 0 0 
100 0 0 0 0 0 6 0 0 4 0 0 0 0 0 0 0 0 0 0 0 0 0 0 0 0 
100 0 0 0 0 0 6 0 0 4 0 0 0 0 0 0 0 0 0 0 0 0 0 0 0 0 
100 0 0 0 0 0 6 0 0 4 0 0 0 0 0 0 0 0 0 0 0 0 0 0 0 0 
100 0 0 0 0 0 6 0 0 4 0 0 0 0 0 0 0 0 0 0 0 0 0 0 0 0 
100 0 0 0 0 0 6 0 0 4 0 0 0 0 0 0 0 0 0 0 0 0 0 0 0 0 
100 0 0 0 0 0 6 0 0 4 0 0 0 0 0 0 0 0 0 0 0 0 0 0 0 0 
100 0 0 0 0 0 6 0 0 3 0 0 0 0 0 0 0 0 0 0 0 0 0 0 0 0 
100 0 0 0 0 0 6 0 0 1 0 0 0 0 0 0 0 0 0 0 0 0 0 0 0 0 
100 0 0 0 0 0 6 0 0 1 0 0 0 0 0 0 0 0 0 0 0 0 0 0 0 0 
100 0 0 0 0 0 6 0 0 0 0 0 0 0 0 0 0 0 0 0 0 0 0 0 0 0 
100 0 0 0 0 0 6 0 0 0 0 0 0 0 0 0 0 0 0 0 0 0 0 0 0 0 
100 0 0 0 0 0 6 0 0 0 0 0 0 0 0 0 0 0 0 0 0 0 0 0 0 0 
100 0 0 0 0 0 6 0 0 0 0 0 0 0 0 0 0 0 0 0 0 0 0 0 0 0 
100 0 0 0 0 0 6 0 0 0 0 0 0 0 0 0 0 0 0 0 0 0 0 0 0 0 
100 0 0 0 0 0 6 0 0 0 0 0 0 0 0 0 0 0 0 0 0 0 0 0 0 0 
100 0 0 0 0 0 6 0 0 0 0 0 0 0 0 0 0 0 0 0 0 0 0 0 0 0 
100 0 0 0 0 0 6 0 0 0 0 0 0 0 0 0 0 0 0 0 0 0 0 0 0 0 
100 0 0 0 0 0 6 0 0 0 0 0 0 0 0 0 0 0 0 0 0 0 0 0 0 0 
100 0 0 0 0 0 6 0 0 0 0 0 0 0 0 0 0 0 0 0 0 0 0 0 0 0 
100 0 0 0 0 0 6 0 0 0 0 0 0 0 0 0 0 0 0 0 0 0 0 0 0 0 
100 0 0 0 0 0 6 0 0 0 0 0 0 0 0 0 0 0 0 0 0 0 0 0 0 0 
100 0 0 0 0 0 6 0 0 0 0 0 0 0 0 0 0 0 0 0 0 0 0 0 0 0 
100 0 0 0 0 0 6 0 0 0 0 0 0 0 0 0 0 0 0 0 0 0 0 0 0 0 
100 0 0 0 0 0 6 0 0 0 0 0 0 0 0 0 0 0 0 0 0 0 0 0 0 0 
100 0 0 0 0 0 6 0 0 0 0 0 0 0 0 0 0 0 0 0 0 0 0 0 0 0 
100 0 0 0 0 0 6 0 0 0 0 0 0 0 0 0 0 0 0 0 0 0 0 0 0 0 
100 0 0 0 0 0 6 0 0 0 0 0 0 0 0 0 0 0 0 0 0 0 0 0 0 0 
100 0 0 0 0 0 4 0 0 0 0 0 0 0 0 0 0 0 0 0 0 0 0 0 0 0 
100 0 0 0 0 0 3 0 0 0 0 0 0 0 0 0 0 0 0 0 0 0 0 0 0 0 
100 0 0 0 0 0 3 0 0 0 0 0 0 0 0 0 0 0 0 0 0 0 0 0 0 0 
100 0 0 0 0 0 3 0 0 0 0 0 0 0 0 0 0 0 0 0 0 0 0 0 0 0 
100 0 0 0 0 0 3 0 0 0 0 0 0 0 0 0 0 0 0 0 0 0 0 0 0 0 
100 0 0 0 0 0 1 0 0 0 0 0 0 0 0 0 0 0 0 0 0 0 0 0 0 0 
